2008-07-31 13:18:37 Notice: Notice (1024): Please change the value of 'Security.salt' in app/config/core.php to a salt value specific to your application in [CORE/cake/libs/debugger.php, line 522]
2008-07-31 13:19:24 Notice: Notice (1024): Please change the value of 'Security.salt' in app/config/core.php to a salt value specific to your application in [CORE/cake/libs/debugger.php, line 522]
2008-07-31 19:42:09 Notice: Notice (8): Undefined property:  UrlComponent::$Category in [APP/controllers/components/url.php, line 5]
2008-07-31 19:43:04 Notice: Notice (8): Undefined property:  UrlComponent::$Category in [APP/controllers/components/url.php, line 5]
2008-07-31 19:58:11 Notice: Notice (8): Undefined variable: thid in [APP/controllers/categories_controller.php, line 12]
2008-07-31 19:58:11 Notice: Notice (8): Trying to get property of non-object in [APP/controllers/categories_controller.php, line 12]
2008-07-31 20:07:12 Notice: Notice (8): Undefined variable: category in [APP/views/categories/show.ctp, line 1]
2008-07-31 20:18:30 Notice: Notice (8): Object of class UrlHelper could not be converted to int in [APP/views/helpers/url.php, line 29]
2008-07-31 20:20:50 Notice: Notice (8): Object of class UrlHelper could not be converted to int in [APP/views/helpers/url.php, line 29]
2008-07-31 20:24:02 Notice: Notice (8): Undefined variable: urls in [APP/views/categories/show.ctp, line 4]
2008-07-31 20:27:24 Notice: Notice (8): Undefined index:  name in [APP/views/categories/products.ctp, line 5]
2008-07-31 20:27:25 Notice: Notice (8): Undefined index:  price in [APP/views/categories/products.ctp, line 8]
2008-07-31 20:27:45 Notice: Notice (8): Undefined index:  name in [APP/views/categories/products.ctp, line 6]
2008-07-31 20:27:45 Notice: Notice (8): Undefined index:  price in [APP/views/categories/products.ctp, line 9]
2008-07-31 21:05:27 Notice: Notice (8): Undefined index:  id in [APP/views/helpers/url.php, line 17]
2008-07-31 21:05:27 Notice: Notice (8): Undefined index:  name in [APP/views/helpers/url.php, line 17]
2008-07-31 21:05:27 Notice: Notice (8): Undefined index:  model in [APP/views/helpers/url.php, line 22]
2008-07-31 21:05:27 Notice: Notice (8): Undefined index:  name in [APP/views/helpers/url.php, line 24]
2008-07-31 21:05:35 Notice: Notice (8): Undefined index:  model in [APP/views/helpers/url.php, line 22]
2008-08-01 12:27:33 Notice: Notice (8): Undefined variable: id in [APP/controllers/products_controller.php, line 10]
2008-08-01 12:29:25 Notice: Notice (8): unserialize() [<a href='http://php.net/function.unserialize'>function.unserialize</a>]: Error at offset 0 of 856 bytes in [CORE/cake/libs/cache/file.php, line 184]
2008-08-01 12:29:25 Notice: Notice (8): Undefined offset:  1 in [APP/controllers/products_controller.php, line 10]
2008-08-01 12:29:25 Notice: Notice (8): Undefined offset:  1 in [APP/controllers/products_controller.php, line 10]
2008-08-01 12:29:25 Notice: Notice (8): Undefined offset:  1 in [APP/controllers/products_controller.php, line 10]
2008-08-01 12:49:51 Notice: Notice (8): Undefined variable: id in [APP/controllers/products_controller.php, line 10]
2008-08-01 12:49:51 Notice: Notice (8): Undefined variable: id in [APP/controllers/products_controller.php, line 10]
2008-08-01 12:49:52 Notice: Notice (8): Undefined variable: id in [APP/controllers/products_controller.php, line 10]
2008-08-01 12:49:52 Notice: Notice (8): Undefined variable: id in [APP/controllers/products_controller.php, line 10]
2008-08-01 12:49:53 Notice: Notice (8): Undefined variable: id in [APP/controllers/products_controller.php, line 10]
2008-08-01 12:49:54 Notice: Notice (8): Undefined variable: id in [APP/controllers/products_controller.php, line 10]
2008-08-01 12:58:03 Notice: Notice (8): Undefined variable: categories in [APP/views/elements/categories.ctp, line 4]
2008-08-01 13:05:53 Notice: Notice (8): Undefined variable: url in [APP/views/elements/categories.ctp, line 6]
2008-08-01 13:06:07 Notice: Notice (8): Undefined property:  View::$url in [APP/views/elements/categories.ctp, line 6]
2008-08-01 13:06:14 Notice: Notice (8): Undefined property:  View::$Url in [APP/views/elements/categories.ctp, line 6]
2008-08-01 13:06:24 Notice: Notice (8): Undefined variable: Url in [APP/views/elements/categories.ctp, line 6]
2008-08-01 13:06:30 Notice: Notice (8): Undefined variable: url in [APP/views/elements/categories.ctp, line 6]
2008-08-01 13:14:16 Notice: Notice (8): Undefined variable: url in [APP/views/elements/categories.ctp, line 5]
2008-08-01 13:25:16 Notice: Notice (8): Undefined variable: url in [APP/views/elements/categories.ctp, line 16]
2008-08-01 13:25:44 Notice: Notice (8): Undefined variable: url in [APP/views/elements/categories.ctp, line 16]
2008-08-01 13:32:05 Notice: Notice (8): Undefined variable: categories in [APP/views/elements/categories.ctp, line 2]
2008-08-01 13:36:40 Notice: Notice (8): Undefined index:  name in [APP/views/elements/categories.ctp, line 19]
2008-08-01 13:36:40 Notice: Notice (8): Undefined index:  name in [APP/views/elements/categories.ctp, line 21]
2008-08-01 13:38:47 Notice: Notice (8): Undefined index:  name in [APP/views/elements/categories.ctp, line 19]
2008-08-01 13:38:47 Notice: Notice (8): Undefined index:  name in [APP/views/elements/categories.ctp, line 21]
2008-08-01 13:42:23 Notice: Notice (8): Undefined index:  name in [APP/views/elements/categories.ctp, line 19]
2008-08-01 13:42:23 Notice: Notice (8): Undefined index:  SubCategory in [APP/views/elements/categories.ctp, line 9]
2008-08-01 13:43:08 Notice: Notice (8): Undefined index:  SubCategory in [APP/views/elements/categories.ctp, line 9]
2008-08-01 13:44:09 Notice: Notice (8): Undefined index:  name in [APP/views/elements/categories.ctp, line 21]
2008-08-01 13:48:51 Notice: Notice (8): Undefined index:  Category in [APP/views/elements/categories.ctp, line 16]
2008-08-01 13:49:03 Notice: Notice (8): Undefined index:  Category in [APP/views/elements/categories.ctp, line 16]
2008-08-01 13:49:04 Notice: Notice (8): Undefined index:  Category in [APP/views/elements/categories.ctp, line 16]
2008-08-01 14:10:21 Notice: Notice (8): Undefined variable: product in [APP/views/products/show.ctp, line 1]
2008-08-01 14:10:42 Notice: Notice (8): Undefined property:  ProductsController::$param in [APP/controllers/products_controller.php, line 14]
2008-08-01 14:10:42 Notice: Notice (8): Undefined variable: product in [APP/views/products/show.ctp, line 1]
2008-08-01 14:10:42 Notice: Notice (8): Undefined property:  ProductsController::$param in [APP/controllers/products_controller.php, line 14]
2008-08-01 14:10:42 Notice: Notice (8): Undefined variable: product in [APP/views/products/show.ctp, line 1]
2008-08-01 14:10:49 Notice: Notice (8): Undefined index:  bread in [APP/controllers/products_controller.php, line 14]
2008-08-01 14:10:49 Notice: Notice (8): Undefined variable: product in [APP/views/products/show.ctp, line 1]
2008-08-01 14:10:50 Notice: Notice (8): Undefined index:  bread in [APP/controllers/products_controller.php, line 14]
2008-08-01 14:10:50 Notice: Notice (8): Undefined variable: product in [APP/views/products/show.ctp, line 1]
2008-08-01 14:11:04 Notice: Notice (8): Undefined variable: product in [APP/views/products/show.ctp, line 1]
2008-08-01 14:11:04 Notice: Notice (8): Undefined variable: product in [APP/views/products/show.ctp, line 1]
2008-08-01 14:11:21 Notice: Notice (8): Undefined variable: product in [APP/views/products/show.ctp, line 1]
2008-08-01 14:11:21 Notice: Notice (8): Undefined variable: product in [APP/views/products/show.ctp, line 1]
2008-08-01 14:18:43 Notice: Notice (8): Undefined offset:  2 in [APP/controllers/products_controller.php, line 13]
2008-08-01 14:18:43 Notice: Notice (8): Undefined offset:  2 in [APP/controllers/products_controller.php, line 13]
2008-08-01 14:25:35 Notice: Notice (8): Array to string conversion in [APP/controllers/products_controller.php, line 14]
2008-08-01 18:07:30 Notice: Notice (8): Undefined index:  ids in [APP/views/elements/categories.ctp, line 6]
2008-08-01 18:07:53 Notice: Notice (8): Undefined index:  ids in [APP/views/elements/categories.ctp, line 6]
2008-08-01 18:07:59 Notice: Notice (8): Undefined index:  ids in [APP/views/elements/categories.ctp, line 6]
2008-08-01 18:08:01 Notice: Notice (8): Undefined index:  ids in [APP/views/elements/categories.ctp, line 6]
2008-08-04 15:16:31 Notice: Notice (8): Undefined index:  ids in [APP/views/elements/categories.ctp, line 6]
2008-08-04 15:16:42 Notice: Notice (8): Undefined index:  ids in [APP/views/elements/categories.ctp, line 6]
2008-08-04 16:17:49 Notice: Notice (8): Undefined index:  ids in [APP/views/elements/categories.ctp, line 6]
2008-08-04 16:53:05 Notice: Notice (8): Array to string conversion in [CORE/cake/libs/model/model.php, line 547]
2008-08-04 16:53:06 Notice: Notice (8): Array to string conversion in [CORE/cake/libs/model/model.php, line 589]
2008-08-04 16:53:06 Notice: Notice (8): Array to string conversion in [CORE/cake/libs/inflector.php, line 368]
2008-08-04 16:53:06 Notice: Notice (8): Array to string conversion in [CORE/cake/libs/sanitize.php, line 58]
2008-08-04 16:53:06 Notice: Notice (8): Array to string conversion in [CORE/cake/libs/model/model.php, line 547]
2008-08-04 16:53:06 Notice: Notice (8): Array to string conversion in [CORE/cake/libs/model/model.php, line 589]
2008-08-04 16:53:06 Notice: Notice (8): Array to string conversion in [CORE/cake/libs/inflector.php, line 368]
2008-08-04 16:53:06 Notice: Notice (8): Array to string conversion in [CORE/cake/libs/sanitize.php, line 58]
2008-08-04 16:53:33 Notice: Notice (8): Undefined property:  Cart::$Session in [APP/models/cart.php, line 10]
2008-08-04 16:53:33 Notice: Notice (8): Undefined property:  Cart::$Session in [APP/models/cart.php, line 10]
2008-08-04 16:54:09 Notice: Notice (8): Undefined variable: url in [APP/views/elements/categories.ctp, line 5]
2008-08-04 16:54:42 Notice: Notice (8): Undefined variable: url in [APP/views/elements/categories.ctp, line 5]
2008-08-04 16:54:43 Notice: Notice (8): Undefined variable: url in [APP/views/elements/categories.ctp, line 5]
2008-08-04 16:54:53 Notice: Notice (8): Undefined variable: url in [APP/views/elements/categories.ctp, line 5]
2008-08-04 16:55:05 Notice: Notice (8): Undefined index:  ids in [APP/views/elements/categories.ctp, line 6]
2008-08-04 17:00:27 Notice: Notice (8): Undefined property:  UrlComponent::$params in [APP/controllers/components/url.php, line 4]
2008-08-04 18:07:33 Notice: Notice (8): Undefined variable: url in [CORE/cake/libs/controller/controller.php, line 789]
2008-08-04 18:20:32 Notice: Notice (8): Undefined index:  Product in [APP/views/carts/index.ctp, line 10]
2008-08-04 18:20:59 Notice: Notice (8): Undefined index:  Product in [APP/views/carts/index.ctp, line 10]
2008-08-04 18:21:00 Notice: Notice (8): Undefined index:  Product in [APP/views/carts/index.ctp, line 10]
2008-08-04 18:22:19 Notice: Notice (8): Uninitialized string offset:  1 in [APP/controllers/products_controller.php, line 13]
2008-08-04 18:22:19 Notice: Notice (8): Uninitialized string offset:  0 in [APP/controllers/products_controller.php, line 13]
2008-08-04 18:22:53 Notice: Notice (8): Uninitialized string offset:  1 in [APP/controllers/products_controller.php, line 13]
2008-08-04 18:22:53 Notice: Notice (8): Uninitialized string offset:  0 in [APP/controllers/products_controller.php, line 13]
2008-08-04 18:22:53 Notice: Notice (8): Uninitialized string offset:  1 in [APP/controllers/products_controller.php, line 13]
2008-08-04 18:22:53 Notice: Notice (8): Uninitialized string offset:  0 in [APP/controllers/products_controller.php, line 13]
2008-08-04 18:23:05 Notice: Notice (8): Uninitialized string offset:  1 in [APP/controllers/products_controller.php, line 13]
2008-08-04 18:23:05 Notice: Notice (8): Uninitialized string offset:  0 in [APP/controllers/products_controller.php, line 13]
2008-08-04 18:23:05 Notice: Notice (8): Uninitialized string offset:  1 in [APP/controllers/products_controller.php, line 13]
2008-08-04 18:23:05 Notice: Notice (8): Uninitialized string offset:  0 in [APP/controllers/products_controller.php, line 13]
2008-08-04 18:23:06 Notice: Notice (8): Uninitialized string offset:  1 in [APP/controllers/products_controller.php, line 13]
2008-08-04 18:23:06 Notice: Notice (8): Uninitialized string offset:  0 in [APP/controllers/products_controller.php, line 13]
2008-08-04 18:23:06 Notice: Notice (8): Uninitialized string offset:  1 in [APP/controllers/products_controller.php, line 13]
2008-08-04 18:23:06 Notice: Notice (8): Uninitialized string offset:  0 in [APP/controllers/products_controller.php, line 13]
2008-08-04 18:23:12 Notice: Notice (8): Uninitialized string offset:  1 in [APP/controllers/products_controller.php, line 13]
2008-08-04 18:23:12 Notice: Notice (8): Uninitialized string offset:  0 in [APP/controllers/products_controller.php, line 13]
2008-08-05 15:02:06 Notice: Notice (8): Undefined index:  requested in [APP/controllers/carts_controller.php, line 29]
2008-08-05 15:02:06 Notice: Notice (8): Undefined index:  requested in [APP/controllers/carts_controller.php, line 29]
2008-08-05 16:07:42 Notice: Notice (8): Undefined variable: url in [APP/views/elements/categories.ctp, line 7]
2008-08-05 18:25:09 Notice: Notice (8): Undefined property:  Cart::$Cart in [APP/controllers/components/cartf.php, line 35]
2008-08-05 18:26:24 Notice: Notice (8): Undefined variable: id in [APP/controllers/checkout_controller.php, line 35]
2008-08-05 18:38:04 Notice: Notice (8): Undefined variable: total in [APP/views/checkout/complete.ctp, line 20]
2008-08-05 18:40:54 Notice: Notice (8): Undefined index:  tax in [APP/app_controller.php, line 18]
2008-08-05 18:40:54 Notice: Notice (8): Undefined index:  shipping in [APP/app_controller.php, line 18]
2008-08-05 18:40:54 Notice: Notice (8): Undefined index:  tax in [APP/app_controller.php, line 18]
2008-08-05 18:40:54 Notice: Notice (8): Undefined index:  shipping in [APP/app_controller.php, line 18]
2008-08-05 21:31:16 Notice: Notice (8): Undefined variable: category in [APP/views/elements/categories.ctp, line 22]
2008-08-06 00:55:17 Notice: Notice (8): Undefined offset:  -1 in [APP/views/elements/categories.ctp, line 7]
2008-08-06 00:55:20 Notice: Notice (8): Undefined offset:  -1 in [APP/views/elements/categories.ctp, line 7]
2008-08-06 20:08:47 Notice: Notice (8): Undefined property:  UspsComponent::$user_id in [APP/controllers/components/usps.php, line 16]
2008-08-07 00:31:34 Notice: Notice (8): Undefined variable: cart in [APP/controllers/checkout_controller.php, line 25]
2008-08-14 17:12:46 Notice: Notice (8): Undefined variable: sidebar in [APP/views/layouts/admin.ctp, line 28]
2008-08-19 14:22:09 Notice: Notice (8): Undefined variable: content in [APP/views/products/admin_edit.ctp, line 14]
2008-08-19 14:22:25 Notice: Notice (8): Undefined variable: content in [APP/views/products/admin_edit.ctp, line 14]
2008-08-19 14:23:52 Notice: Notice (8): Undefined variable: content in [APP/views/products/admin_edit.ctp, line 14]
2008-08-19 14:25:11 Notice: Notice (8): Undefined variable: content in [APP/views/products/admin_edit.ctp, line 14]
2008-08-19 14:25:20 Notice: Notice (8): Undefined variable: content in [APP/views/products/admin_edit.ctp, line 14]
2008-08-19 14:26:26 Notice: Notice (8): Undefined variable: content in [APP/views/products/admin_edit.ctp, line 14]
2008-08-19 14:27:17 Notice: Notice (8): Undefined variable: content in [APP/views/products/admin_edit.ctp, line 13]
2008-08-19 14:28:25 Notice: Notice (8): Undefined variable: content in [APP/views/products/admin_edit.ctp, line 13]
2008-08-19 14:28:47 Notice: Notice (8): Undefined variable: content in [APP/views/products/admin_edit.ctp, line 13]
2008-08-19 14:30:59 Notice: Notice (8): Undefined variable: content in [APP/views/products/admin_edit.ctp, line 13]
2008-08-19 14:32:04 Notice: Notice (8): Undefined variable: content in [APP/views/products/admin_edit.ctp, line 13]
2008-08-19 14:33:41 Notice: Notice (8): Undefined variable: content in [APP/views/products/admin_edit.ctp, line 13]
2008-08-19 14:34:25 Notice: Notice (8): Undefined variable: content in [APP/views/products/admin_edit.ctp, line 13]
2008-08-19 14:34:30 Notice: Notice (8): Undefined variable: content in [APP/views/products/admin_edit.ctp, line 13]
2008-08-19 16:10:40 Notice: Notice (8): Use of undefined constant IMAGES_UPLOAD_FOLDER - assumed 'IMAGES_UPLOAD_FOLDER' in [APP/controllers/components/image.php, line 22]
2008-08-19 16:13:09 Notice: Notice (8): Undefined property:  ProductsController::$form in [APP/controllers/products_controller.php, line 28]
2008-08-19 16:48:40 Notice: Notice (8): Undefined index:  mime in [APP/controllers/components/image.php, line 20]
2008-08-19 16:49:31 Notice: Notice (8): Undefined index:  mime in [APP/controllers/components/image.php, line 20]
2008-08-19 16:49:55 Notice: Notice (8): Undefined index:  mime in [APP/controllers/components/image.php, line 20]
2008-08-19 16:51:52 Notice: Notice (8): Undefined index:  mime in [APP/controllers/components/image.php, line 20]
2008-08-21 13:45:53 Notice: Notice (8): Uninitialized string offset:  1 in [APP/controllers/products_controller.php, line 23]
2008-08-21 13:45:53 Notice: Notice (8): Uninitialized string offset:  0 in [APP/controllers/products_controller.php, line 23]
2008-08-21 13:45:54 Notice: Notice (8): Uninitialized string offset:  1 in [APP/controllers/products_controller.php, line 23]
2008-08-21 13:45:54 Notice: Notice (8): Uninitialized string offset:  0 in [APP/controllers/products_controller.php, line 23]
2008-08-21 14:26:59 Notice: Notice (8): Undefined property:  CategoriesController::$Image in [APP/controllers/categories_controller.php, line 63]
2008-08-21 14:27:43 Notice: Notice (8): Undefined property:  CategoriesController::$Image in [APP/controllers/categories_controller.php, line 63]
2008-08-21 14:27:58 Notice: Notice (8): Undefined index:  Product in [APP/controllers/categories_controller.php, line 63]
2008-08-21 14:30:04 Notice: Notice (8): Undefined index:  Product in [APP/controllers/categories_controller.php, line 63]
2008-08-21 14:33:40 Notice: Notice (8): Undefined index:  Product in [APP/controllers/categories_controller.php, line 63]
