2008-07-31 13:18:31 Warning: Warning (2): mysql_connect() [<a href='http://php.net/function.mysql-connect'>function.mysql-connect</a>]: Access denied for user 'root'@'localhost' (using password: YES) in [CORE/cake/libs/model/datasources/dbo/dbo_mysql.php, line 117]
2008-07-31 13:18:31 Warning: Warning (2): mysql_select_db(): supplied argument is not a valid MySQL-Link resource in [CORE/cake/libs/model/datasources/dbo/dbo_mysql.php, line 122]
2008-07-31 13:18:32 Warning: Warning (2): mysql_get_server_info(): supplied argument is not a valid MySQL-Link resource in [CORE/cake/libs/model/datasources/dbo/dbo_mysql.php, line 130]
2008-07-31 13:18:37 Warning: Warning (2): mysql_connect() [<a href='http://php.net/function.mysql-connect'>function.mysql-connect</a>]: Access denied for user 'root'@'localhost' (using password: YES) in [CORE/cake/libs/model/datasources/dbo/dbo_mysql.php, line 117]
2008-07-31 13:18:37 Warning: Warning (2): mysql_select_db(): supplied argument is not a valid MySQL-Link resource in [CORE/cake/libs/model/datasources/dbo/dbo_mysql.php, line 122]
2008-07-31 13:18:37 Warning: Warning (2): mysql_get_server_info(): supplied argument is not a valid MySQL-Link resource in [CORE/cake/libs/model/datasources/dbo/dbo_mysql.php, line 130]
2008-07-31 15:36:20 Warning: Warning (512): <span style = "color:Red;text-align:left"><b>SQL Error:</b> 1064: You have an error in your SQL syntax; check the manual that corresponds to your MySQL server version for the right syntax to use near 'findRoots' at line 1</span> in [CORE/cake/libs/model/datasources/dbo_source.php, line 512]
2008-07-31 15:36:20 Warning: Warning (2): Invalid argument supplied for foreach() in [APP/views/categories/index.ctp, line 3]
2008-07-31 15:36:20 Warning: Warning (512): <span style = "color:Red;text-align:left"><b>SQL Error:</b> 1064: You have an error in your SQL syntax; check the manual that corresponds to your MySQL server version for the right syntax to use near 'findRoots' at line 1</span> in [CORE/cake/libs/model/datasources/dbo_source.php, line 512]
2008-07-31 15:36:20 Warning: Warning (2): Invalid argument supplied for foreach() in [APP/views/categories/index.ctp, line 3]
2008-07-31 15:36:50 Warning: Warning (512): <span style = "color:Red;text-align:left"><b>SQL Error:</b> 1064: You have an error in your SQL syntax; check the manual that corresponds to your MySQL server version for the right syntax to use near 'roots' at line 1</span> in [CORE/cake/libs/model/datasources/dbo_source.php, line 512]
2008-07-31 15:36:50 Warning: Warning (2): Invalid argument supplied for foreach() in [APP/views/categories/index.ctp, line 3]
2008-07-31 15:36:50 Warning: Warning (512): <span style = "color:Red;text-align:left"><b>SQL Error:</b> 1064: You have an error in your SQL syntax; check the manual that corresponds to your MySQL server version for the right syntax to use near 'roots' at line 1</span> in [CORE/cake/libs/model/datasources/dbo_source.php, line 512]
2008-07-31 15:36:50 Warning: Warning (2): Invalid argument supplied for foreach() in [APP/views/categories/index.ctp, line 3]
2008-07-31 15:37:34 Warning: Warning (512): <span style = "color:Red;text-align:left"><b>SQL Error:</b> 1064: You have an error in your SQL syntax; check the manual that corresponds to your MySQL server version for the right syntax to use near 'roots' at line 1</span> in [CORE/cake/libs/model/datasources/dbo_source.php, line 512]
2008-07-31 15:37:34 Warning: Warning (2): Invalid argument supplied for foreach() in [APP/views/categories/index.ctp, line 3]
2008-07-31 15:37:35 Warning: Warning (512): <span style = "color:Red;text-align:left"><b>SQL Error:</b> 1064: You have an error in your SQL syntax; check the manual that corresponds to your MySQL server version for the right syntax to use near 'roots' at line 1</span> in [CORE/cake/libs/model/datasources/dbo_source.php, line 512]
2008-07-31 15:37:35 Warning: Warning (2): Invalid argument supplied for foreach() in [APP/views/categories/index.ctp, line 3]
2008-07-31 15:38:04 Warning: Warning (512): <span style = "color:Red;text-align:left"><b>SQL Error:</b> 1064: You have an error in your SQL syntax; check the manual that corresponds to your MySQL server version for the right syntax to use near 'roots' at line 1</span> in [CORE/cake/libs/model/datasources/dbo_source.php, line 512]
2008-07-31 15:38:04 Warning: Warning (2): Invalid argument supplied for foreach() in [APP/views/categories/index.ctp, line 3]
2008-07-31 15:38:04 Warning: Warning (512): <span style = "color:Red;text-align:left"><b>SQL Error:</b> 1064: You have an error in your SQL syntax; check the manual that corresponds to your MySQL server version for the right syntax to use near 'roots' at line 1</span> in [CORE/cake/libs/model/datasources/dbo_source.php, line 512]
2008-07-31 15:38:04 Warning: Warning (2): Invalid argument supplied for foreach() in [APP/views/categories/index.ctp, line 3]
2008-07-31 15:40:14 Warning: Warning (512): <span style = "color:Red;text-align:left"><b>SQL Error:</b> 1064: You have an error in your SQL syntax; check the manual that corresponds to your MySQL server version for the right syntax to use near 'roots' at line 1</span> in [CORE/cake/libs/model/datasources/dbo_source.php, line 512]
2008-07-31 15:40:14 Warning: Warning (2): Invalid argument supplied for foreach() in [APP/views/categories/index.ctp, line 3]
2008-07-31 15:40:14 Warning: Warning (512): <span style = "color:Red;text-align:left"><b>SQL Error:</b> 1064: You have an error in your SQL syntax; check the manual that corresponds to your MySQL server version for the right syntax to use near 'roots' at line 1</span> in [CORE/cake/libs/model/datasources/dbo_source.php, line 512]
2008-07-31 15:40:14 Warning: Warning (2): Invalid argument supplied for foreach() in [APP/views/categories/index.ctp, line 3]
2008-07-31 15:40:30 Warning: Warning (512): <span style = "color:Red;text-align:left"><b>SQL Error:</b> 1064: You have an error in your SQL syntax; check the manual that corresponds to your MySQL server version for the right syntax to use near 'roots' at line 1</span> in [CORE/cake/libs/model/datasources/dbo_source.php, line 512]
2008-07-31 15:40:30 Warning: Warning (2): Invalid argument supplied for foreach() in [APP/views/categories/index.ctp, line 3]
2008-07-31 15:40:30 Warning: Warning (512): <span style = "color:Red;text-align:left"><b>SQL Error:</b> 1064: You have an error in your SQL syntax; check the manual that corresponds to your MySQL server version for the right syntax to use near 'roots' at line 1</span> in [CORE/cake/libs/model/datasources/dbo_source.php, line 512]
2008-07-31 15:40:30 Warning: Warning (2): Invalid argument supplied for foreach() in [APP/views/categories/index.ctp, line 3]
2008-07-31 16:49:28 Warning: Warning (512): <span style = "color:Red;text-align:left"><b>SQL Error:</b> 1054: Unknown column 'Products.Product' in 'field list'</span> in [CORE/cake/libs/model/datasources/dbo_source.php, line 512]
2008-07-31 16:49:28 Warning: Warning (2): Invalid argument supplied for foreach() in [CORE/cake/libs/model/datasources/dbo_source.php, line 884]
2008-07-31 16:49:28 Warning: Warning (512): <span style = "color:Red;text-align:left"><b>SQL Error:</b> 1054: Unknown column 'Products.Product' in 'field list'</span> in [CORE/cake/libs/model/datasources/dbo_source.php, line 512]
2008-07-31 16:49:28 Warning: Warning (2): Invalid argument supplied for foreach() in [CORE/cake/libs/model/datasources/dbo_source.php, line 884]
2008-07-31 16:50:15 Warning: Warning (512): <span style = "color:Red;text-align:left"><b>SQL Error:</b> 1054: Unknown column 'Product.order' in 'order clause'</span> in [CORE/cake/libs/model/datasources/dbo_source.php, line 512]
2008-07-31 16:50:15 Warning: Warning (2): Invalid argument supplied for foreach() in [CORE/cake/libs/model/datasources/dbo_source.php, line 884]
2008-07-31 16:50:15 Warning: Warning (512): <span style = "color:Red;text-align:left"><b>SQL Error:</b> 1054: Unknown column 'Product.order' in 'order clause'</span> in [CORE/cake/libs/model/datasources/dbo_source.php, line 512]
2008-07-31 16:50:15 Warning: Warning (2): Invalid argument supplied for foreach() in [CORE/cake/libs/model/datasources/dbo_source.php, line 884]
2008-08-01 12:27:33 Warning: Warning (2): Missing argument 1 for ProductsController::show(), called in /Users/sameyeam/Sites/cakecart/cake/libs/object.php on line 114 and defined in [APP/controllers/products_controller.php, line 9]
2008-08-01 12:29:25 Warning: Warning (2): touch() [<a href='http://php.net/function.touch'>function.touch</a>]: Utime failed: No such file or directory in [CORE/cake/libs/file.php, line 122]
2008-08-01 12:29:25 Warning: Warning (2): session_destroy() [<a href='http://php.net/function.session-destroy'>function.session-destroy</a>]: Session object destruction failed in [CORE/cake/libs/session.php, line 604]
2008-08-01 12:46:18 Warning: Warning (2): Invalid argument supplied for foreach() in [APP/controllers/components/url.php, line 12]
2008-08-01 12:46:18 Warning: Warning (2): Invalid argument supplied for foreach() in [APP/views/categories/show.ctp, line 3]
2008-08-01 12:46:18 Warning: Warning (2): Invalid argument supplied for foreach() in [APP/controllers/components/url.php, line 12]
2008-08-01 12:46:18 Warning: Warning (2): Invalid argument supplied for foreach() in [APP/views/categories/show.ctp, line 3]
2008-08-01 12:49:51 Warning: Warning (2): Missing argument 1 for ProductsController::show(), called in /Users/sameyeam/Sites/cakecart/cake/libs/object.php on line 114 and defined in [APP/controllers/products_controller.php, line 9]
2008-08-01 12:49:51 Warning: Warning (2): Missing argument 1 for ProductsController::show(), called in /Users/sameyeam/Sites/cakecart/cake/libs/object.php on line 114 and defined in [APP/controllers/products_controller.php, line 9]
2008-08-01 12:49:52 Warning: Warning (2): Missing argument 1 for ProductsController::show(), called in /Users/sameyeam/Sites/cakecart/cake/libs/object.php on line 114 and defined in [APP/controllers/products_controller.php, line 9]
2008-08-01 12:49:52 Warning: Warning (2): Missing argument 1 for ProductsController::show(), called in /Users/sameyeam/Sites/cakecart/cake/libs/object.php on line 114 and defined in [APP/controllers/products_controller.php, line 9]
2008-08-01 12:49:53 Warning: Warning (2): Missing argument 1 for ProductsController::show(), called in /Users/sameyeam/Sites/cakecart/cake/libs/object.php on line 114 and defined in [APP/controllers/products_controller.php, line 9]
2008-08-01 12:49:54 Warning: Warning (2): Missing argument 1 for ProductsController::show(), called in /Users/sameyeam/Sites/cakecart/cake/libs/object.php on line 114 and defined in [APP/controllers/products_controller.php, line 9]
2008-08-01 12:51:36 Warning: Warning (512): <span style = "color:Red;text-align:left"><b>SQL Error:</b> 1054: Unknown column 'conditions' in 'where clause'</span> in [CORE/cake/libs/model/datasources/dbo_source.php, line 512]
2008-08-01 12:51:37 Warning: Warning (512): <span style = "color:Red;text-align:left"><b>SQL Error:</b> 1054: Unknown column 'conditions' in 'where clause'</span> in [CORE/cake/libs/model/datasources/dbo_source.php, line 512]
2008-08-01 12:58:03 Warning: Warning (2): Invalid argument supplied for foreach() in [APP/views/elements/categories.ctp, line 4]
2008-08-01 13:03:11 Warning: Warning (512): (ClassRegistry::init() could not create instance of URL class helper  in [CORE/cake/libs/class_registry.php, line 139]
2008-08-01 13:03:11 Warning: Warning (512): (ClassRegistry::init() could not create instance of URL class helper  in [CORE/cake/libs/class_registry.php, line 139]
2008-08-01 13:56:44 Warning: Warning (2): unlink(/Users/sameyeam/Sites/cakecart/app/tmp/cache/models/cake_model_default_products) [<a href='http://php.net/function.unlink'>function.unlink</a>]: No such file or directory in [CORE/cake/libs/file.php, line 278]
2008-08-01 14:08:05 Warning: Warning (512): <span style = "color:Red;text-align:left"><b>SQL Error:</b> 1054: Unknown column 'Product.id' in 'where clause'</span> in [CORE/cake/libs/model/datasources/dbo_source.php, line 512]
2008-08-01 14:09:37 Warning: Warning (512): <span style = "color:Red;text-align:left"><b>SQL Error:</b> 1054: Unknown column 'Product.id' in 'where clause'</span> in [CORE/cake/libs/model/datasources/dbo_source.php, line 512]
2008-08-01 14:09:40 Warning: Warning (512): <span style = "color:Red;text-align:left"><b>SQL Error:</b> 1054: Unknown column 'Product.id' in 'where clause'</span> in [CORE/cake/libs/model/datasources/dbo_source.php, line 512]
2008-08-01 14:09:41 Warning: Warning (512): <span style = "color:Red;text-align:left"><b>SQL Error:</b> 1054: Unknown column 'Product.id' in 'where clause'</span> in [CORE/cake/libs/model/datasources/dbo_source.php, line 512]
2008-08-01 18:07:30 Warning: Warning (2): in_array() [<a href='http://php.net/function.in-array'>function.in-array</a>]: Wrong datatype for second argument in [APP/views/elements/categories.ctp, line 6]
2008-08-01 18:07:53 Warning: Warning (2): in_array() [<a href='http://php.net/function.in-array'>function.in-array</a>]: Wrong datatype for second argument in [APP/views/elements/categories.ctp, line 6]
2008-08-01 18:07:59 Warning: Warning (2): in_array() [<a href='http://php.net/function.in-array'>function.in-array</a>]: Wrong datatype for second argument in [APP/views/elements/categories.ctp, line 6]
2008-08-01 18:08:01 Warning: Warning (2): in_array() [<a href='http://php.net/function.in-array'>function.in-array</a>]: Wrong datatype for second argument in [APP/views/elements/categories.ctp, line 6]
2008-08-04 15:16:31 Warning: Warning (2): in_array() [<a href='http://php.net/function.in-array'>function.in-array</a>]: Wrong datatype for second argument in [APP/views/elements/categories.ctp, line 6]
2008-08-04 15:16:42 Warning: Warning (2): in_array() [<a href='http://php.net/function.in-array'>function.in-array</a>]: Wrong datatype for second argument in [APP/views/elements/categories.ctp, line 6]
2008-08-04 16:17:49 Warning: Warning (2): in_array() [<a href='http://php.net/function.in-array'>function.in-array</a>]: Wrong datatype for second argument in [APP/views/elements/categories.ctp, line 6]
2008-08-04 16:53:05 Warning: Warning (2): Illegal offset type in [CORE/cake/libs/model/model.php, line 545]
2008-08-04 16:53:06 Warning: Warning (2): Illegal offset type in [CORE/cake/libs/model/model.php, line 545]
2008-08-04 16:55:05 Warning: Warning (2): in_array() [<a href='http://php.net/function.in-array'>function.in-array</a>]: Wrong datatype for second argument in [APP/views/elements/categories.ctp, line 6]
2008-08-04 17:36:11 Warning: Warning (2): unlink(/Users/sameyeam/Sites/cakecart/app/tmp/cache/persistent/cake_core_object_map) [<a href='http://php.net/function.unlink'>function.unlink</a>]: No such file or directory in [CORE/cake/libs/file.php, line 278]
2008-08-04 17:36:12 Warning: Warning (2): fopen(/Users/sameyeam/Sites/cakecart/app/tmp/cache/models/cake_model_default_categories) [<a href='http://php.net/function.fopen'>function.fopen</a>]: failed to open stream: No such file or directory in [CORE/cake/libs/file.php, line 146]
2008-08-04 18:07:33 Warning: Warning (2): Missing argument 2 for Controller::flash(), called in /Users/sameyeam/Sites/cakecart/app/controllers/cart_items_controller.php on line 10 and defined in [CORE/cake/libs/controller/controller.php, line 787]
2008-08-04 18:19:59 Warning: Warning (2): Invalid argument supplied for foreach() in [APP/views/carts/index.ctp, line 8]
2008-08-04 18:22:19 Warning: Warning (2): in_array() [<a href='http://php.net/function.in-array'>function.in-array</a>]: Wrong datatype for second argument in [APP/views/elements/categories.ctp, line 7]
2008-08-04 18:22:53 Warning: Warning (2): in_array() [<a href='http://php.net/function.in-array'>function.in-array</a>]: Wrong datatype for second argument in [APP/views/elements/categories.ctp, line 7]
2008-08-04 18:22:53 Warning: Warning (2): in_array() [<a href='http://php.net/function.in-array'>function.in-array</a>]: Wrong datatype for second argument in [APP/views/elements/categories.ctp, line 7]
2008-08-04 18:23:05 Warning: Warning (2): in_array() [<a href='http://php.net/function.in-array'>function.in-array</a>]: Wrong datatype for second argument in [APP/views/elements/categories.ctp, line 7]
2008-08-04 18:23:05 Warning: Warning (2): in_array() [<a href='http://php.net/function.in-array'>function.in-array</a>]: Wrong datatype for second argument in [APP/views/elements/categories.ctp, line 7]
2008-08-04 18:23:06 Warning: Warning (2): in_array() [<a href='http://php.net/function.in-array'>function.in-array</a>]: Wrong datatype for second argument in [APP/views/elements/categories.ctp, line 7]
2008-08-04 18:23:06 Warning: Warning (2): in_array() [<a href='http://php.net/function.in-array'>function.in-array</a>]: Wrong datatype for second argument in [APP/views/elements/categories.ctp, line 7]
2008-08-04 18:23:12 Warning: Warning (2): in_array() [<a href='http://php.net/function.in-array'>function.in-array</a>]: Wrong datatype for second argument in [APP/views/elements/categories.ctp, line 7]
2008-08-05 14:55:15 Warning: Warning (2): Invalid argument supplied for foreach() in [CORE/cake/libs/model/model.php, line 512]
2008-08-05 15:51:53 Warning: Warning (2): Invalid argument supplied for foreach() in [APP/controllers/carts_controller.php, line 21]
2008-08-05 17:59:58 Warning: Warning (2): session_destroy() [<a href='http://php.net/function.session-destroy'>function.session-destroy</a>]: Session object destruction failed in [CORE/cake/libs/session.php, line 604]
2008-08-05 18:25:09 Warning: Warning (2): Invalid argument supplied for foreach() in [APP/controllers/checkout_controller.php, line 23]
2008-08-05 18:25:09 Warning: Warning (2): Missing argument 1 for CartfComponent::delete(), called in /Users/sameyeam/Sites/cakecart/app/controllers/checkout_controller.php on line 17 and defined in [APP/controllers/components/cartf.php, line 33]
2008-08-05 18:26:23 Warning: Warning (2): Invalid argument supplied for foreach() in [APP/controllers/checkout_controller.php, line 23]
2008-08-05 18:26:24 Warning: Warning (2): Missing argument 1 for CheckoutController::complete(), called in /Users/sameyeam/Sites/cakecart/cake/libs/object.php on line 114 and defined in [APP/controllers/checkout_controller.php, line 34]
2008-08-05 18:27:21 Warning: Warning (2): Invalid argument supplied for foreach() in [APP/controllers/checkout_controller.php, line 23]
2008-08-05 18:31:06 Warning: Warning (2): Invalid argument supplied for foreach() in [APP/controllers/checkout_controller.php, line 23]
2008-08-05 18:33:08 Warning: Warning (2): Invalid argument supplied for foreach() in [APP/controllers/checkout_controller.php, line 23]
2008-08-05 18:40:54 Warning: Warning (2): Invalid argument supplied for foreach() in [APP/app_controller.php, line 16]
2008-08-05 18:40:54 Warning: Warning (2): Invalid argument supplied for foreach() in [APP/app_controller.php, line 16]
2008-08-05 18:41:50 Warning: Warning (2): Invalid argument supplied for foreach() in [APP/app_controller.php, line 16]
2008-08-05 18:41:51 Warning: Warning (2): Invalid argument supplied for foreach() in [APP/app_controller.php, line 16]
2008-08-06 23:26:32 Warning: Warning (2): Invalid argument supplied for foreach() in [APP/controllers/components/usps.php, line 17]
2008-08-07 00:21:34 Warning: Warning (2): Invalid argument supplied for foreach() in [APP/controllers/components/usps.php, line 17]
2008-08-07 00:31:34 Warning: Warning (2): Invalid argument supplied for foreach() in [APP/controllers/components/usps.php, line 17]
2008-08-13 21:25:38 Warning: Warning (2): unlink(/Users/sameyeam/Sites/cakecart/app/tmp/cache/persistent/cake_core_core_paths) [<a href='http://php.net/function.unlink'>function.unlink</a>]: No such file or directory in [CORE/cake/libs/file.php, line 278]
2008-08-14 17:12:46 Warning: Warning (2): Invalid argument supplied for foreach() in [APP/views/layouts/admin.ctp, line 28]
2008-08-14 18:10:04 Warning: Warning (512): Method UrlHelper::admin_prod_link does not exist in [CORE/cake/libs/view/helper.php, line 148]
2008-08-19 13:54:30 Warning: Warning (2): session_destroy() [<a href='http://php.net/function.session-destroy'>function.session-destroy</a>]: Session object destruction failed in [CORE/cake/libs/session.php, line 604]
2008-08-19 14:26:25 Warning: Warning (512): <span style = "color:Red;text-align:left"><b>SQL Error:</b> 1054: Unknown column 'Array' in 'field list'</span> in [CORE/cake/libs/model/datasources/dbo_source.php, line 512]
2008-08-19 14:30:17 Warning: Warning (2): Invalid argument supplied for foreach() in [APP/views/categories/admin_show.ctp, line 11]
2008-08-19 16:02:07 Warning: Warning (512): <span style = "color:Red;text-align:left"><b>SQL Error:</b> 1054: Unknown column 'Array' in 'field list'</span> in [CORE/cake/libs/model/datasources/dbo_source.php, line 512]
2008-08-19 16:10:40 Warning: Warning (2): copy(/Users/sameyeam/Sites/cakecart/app/webroot/IMAGES_UPLOAD_FOLDERcele248.jpg) [<a href='http://php.net/function.copy'>function.copy</a>]: failed to open stream: Permission denied in [APP/controllers/components/image.php, line 24]
2008-08-19 16:18:21 Warning: Warning (2): copy(/Users/sameyeam/Sites/cakecart/app/webroot/img/products/cele248.jpg) [<a href='http://php.net/function.copy'>function.copy</a>]: failed to open stream: Permission denied in [APP/controllers/components/image.php, line 24]
2008-08-19 16:22:06 Warning: Warning (2): copy(/Users/sameyeam/Sites/cakecart/app/webroot/img/products/cele248.jpg) [<a href='http://php.net/function.copy'>function.copy</a>]: failed to open stream: Permission denied in [APP/controllers/components/image.php, line 24]
2008-08-19 16:36:37 Warning: Warning (2): copy(/Users/sameyeam/Sites/cakecart/app/webroot/img/products/cele248.jpg) [<a href='http://php.net/function.copy'>function.copy</a>]: failed to open stream: Permission denied in [APP/controllers/components/image.php, line 24]
2008-08-19 16:48:40 Warning: Warning (512): <span style = "color:Red;text-align:left"><b>SQL Error:</b> 1054: Unknown column 'Array' in 'field list'</span> in [CORE/cake/libs/model/datasources/dbo_source.php, line 512]
2008-08-19 17:36:30 Warning: Warning (512): <span style = "color:Red;text-align:left"><b>SQL Error:</b> 1048: Column 'session' cannot be null</span> in [CORE/cake/libs/model/datasources/dbo_source.php, line 512]
2008-08-19 17:36:30 Warning: Warning (2): Invalid argument supplied for foreach() in [APP/controllers/cart_items_controller.php, line 39]
2008-08-19 17:36:30 Warning: Warning (2): Invalid argument supplied for foreach() in [APP/controllers/cart_items_controller.php, line 48]
2008-08-19 17:36:30 Warning: Warning (512): <span style = "color:Red;text-align:left"><b>SQL Error:</b> 1048: Column 'cart_id' cannot be null</span> in [CORE/cake/libs/model/datasources/dbo_source.php, line 512]
2008-08-21 13:45:53 Warning: Warning (2): array_reverse() [<a href='http://php.net/function.array-reverse'>function.array-reverse</a>]: The argument should be an array in [APP/controllers/products_controller.php, line 24]
2008-08-21 13:45:54 Warning: Warning (2): array_reverse() [<a href='http://php.net/function.array-reverse'>function.array-reverse</a>]: The argument should be an array in [APP/controllers/products_controller.php, line 24]
2008-08-21 13:50:42 Warning: Warning (2): Invalid argument supplied for foreach() in [APP/controllers/components/url.php, line 12]
2008-08-21 13:50:42 Warning: Warning (2): array_reverse() [<a href='http://php.net/function.array-reverse'>function.array-reverse</a>]: The argument should be an array in [APP/controllers/products_controller.php, line 24]
2008-08-21 13:50:43 Warning: Warning (2): Invalid argument supplied for foreach() in [APP/controllers/components/url.php, line 12]
2008-08-21 13:50:43 Warning: Warning (2): array_reverse() [<a href='http://php.net/function.array-reverse'>function.array-reverse</a>]: The argument should be an array in [APP/controllers/products_controller.php, line 24]
2008-08-21 13:51:20 Warning: Warning (2): array_reverse() [<a href='http://php.net/function.array-reverse'>function.array-reverse</a>]: The argument should be an array in [APP/controllers/products_controller.php, line 24]
2008-08-21 14:44:19 Warning: Warning (2): implode() [<a href='http://php.net/function.implode'>function.implode</a>]: Bad arguments. in [APP/views/categories/admin_show.ctp, line 15]
2008-08-21 14:45:11 Warning: Warning (2): Invalid argument supplied for foreach() in [APP/views/categories/admin_show.ctp, line 11]
2008-08-21 14:45:17 Warning: Warning (2): Invalid argument supplied for foreach() in [APP/views/categories/admin_show.ctp, line 11]
2008-08-21 14:45:31 Warning: Warning (2): Invalid argument supplied for foreach() in [APP/views/categories/admin_show.ctp, line 11]
2008-08-21 14:52:53 Warning: Warning (2): Invalid argument supplied for foreach() in [APP/views/categories/admin_show.ctp, line 11]
2008-08-21 14:53:14 Warning: Warning (2): Invalid argument supplied for foreach() in [APP/views/categories/admin_show.ctp, line 11]
2008-08-21 15:47:47 Warning: Warning (512): <span style = "color:Red;text-align:left"><b>SQL Error:</b> 1054: Unknown column 'Product.id' in 'where clause'</span> in [CORE/cake/libs/model/datasources/dbo_source.php, line 512]
2008-08-21 15:47:47 Warning: Warning (512): <span style = "color:Red;text-align:left"><b>SQL Error:</b> 1054: Unknown column 'Product.id' in 'where clause'</span> in [CORE/cake/libs/model/datasources/dbo_source.php, line 512]
2008-08-21 15:49:48 Warning: Warning (2): array_reverse() [<a href='http://php.net/function.array-reverse'>function.array-reverse</a>]: The argument should be an array in [APP/controllers/products_controller.php, line 62]
2008-08-21 15:49:48 Warning: Warning (2): implode() [<a href='http://php.net/function.implode'>function.implode</a>]: Bad arguments. in [APP/controllers/products_controller.php, line 70]
2008-08-21 15:49:48 Warning: Warning (2): Cannot modify header information - headers already sent by (output started at /Users/sameyeam/Sites/cakecart/cake/basics.php:262) in [CORE/cake/libs/controller/controller.php, line 577]
2008-08-21 15:50:08 Warning: Warning (512): <span style = "color:Red;text-align:left"><b>SQL Error:</b> 1054: Unknown column 'Category.order' in 'order clause'</span> in [CORE/cake/libs/model/datasources/dbo_source.php, line 512]
2008-08-21 15:50:08 Warning: Warning (512): <span style = "color:Red;text-align:left"><b>SQL Error:</b> 1054: Unknown column 'Product.order' in 'order clause'</span> in [CORE/cake/libs/model/datasources/dbo_source.php, line 512]
2008-08-21 15:50:08 Warning: Warning (2): Cannot modify header information - headers already sent by (output started at /Users/sameyeam/Sites/cakecart/cake/basics.php:262) in [CORE/cake/libs/controller/controller.php, line 577]
2008-08-21 15:52:00 Warning: Warning (512): <span style = "color:Red;text-align:left"><b>SQL Error:</b> 1054: Unknown column 'Category.order' in 'order clause'</span> in [CORE/cake/libs/model/datasources/dbo_source.php, line 512]
2008-08-21 15:52:01 Warning: Warning (512): <span style = "color:Red;text-align:left"><b>SQL Error:</b> 1054: Unknown column 'Product.order' in 'order clause'</span> in [CORE/cake/libs/model/datasources/dbo_source.php, line 512]
2008-08-21 15:52:01 Warning: Warning (2): Cannot modify header information - headers already sent by (output started at /Users/sameyeam/Sites/cakecart/cake/basics.php:262) in [CORE/cake/libs/controller/controller.php, line 577]
2008-08-21 15:58:46 Warning: Warning (512): <span style = "color:Red;text-align:left"><b>SQL Error:</b> 1054: Unknown column 'Category.order' in 'order clause'</span> in [CORE/cake/libs/model/datasources/dbo_source.php, line 512]
2008-08-21 15:58:46 Warning: Warning (512): <span style = "color:Red;text-align:left"><b>SQL Error:</b> 1054: Unknown column 'Product.order' in 'order clause'</span> in [CORE/cake/libs/model/datasources/dbo_source.php, line 512]
2008-08-21 15:58:46 Warning: Warning (2): Cannot modify header information - headers already sent by (output started at /Users/sameyeam/Sites/cakecart/cake/basics.php:262) in [CORE/cake/libs/controller/controller.php, line 577]
2008-08-21 16:00:34 Warning: Warning (512): <span style = "color:Red;text-align:left"><b>SQL Error:</b> 1054: Unknown column 'Category.order' in 'order clause'</span> in [CORE/cake/libs/model/datasources/dbo_source.php, line 512]
2008-08-21 16:00:34 Warning: Warning (512): <span style = "color:Red;text-align:left"><b>SQL Error:</b> 1054: Unknown column 'Product.order' in 'order clause'</span> in [CORE/cake/libs/model/datasources/dbo_source.php, line 512]
2008-08-21 16:00:34 Warning: Warning (2): Cannot modify header information - headers already sent by (output started at /Users/sameyeam/Sites/cakecart/cake/basics.php:262) in [CORE/cake/libs/controller/controller.php, line 577]
2008-08-21 16:01:12 Warning: Warning (512): <span style = "color:Red;text-align:left"><b>SQL Error:</b> 1054: Unknown column 'Category.order' in 'order clause'</span> in [CORE/cake/libs/model/datasources/dbo_source.php, line 512]
2008-08-21 16:01:12 Warning: Warning (512): <span style = "color:Red;text-align:left"><b>SQL Error:</b> 1054: Unknown column 'Product.order' in 'order clause'</span> in [CORE/cake/libs/model/datasources/dbo_source.php, line 512]
2008-08-21 16:01:12 Warning: Warning (2): Cannot modify header information - headers already sent by (output started at /Users/sameyeam/Sites/cakecart/cake/basics.php:262) in [CORE/cake/libs/controller/controller.php, line 577]
2008-08-21 16:03:28 Warning: Warning (2): implode() [<a href='http://php.net/function.implode'>function.implode</a>]: Bad arguments. in [APP/views/categories/admin_remove.ctp, line 2]
2008-08-21 16:03:29 Warning: Warning (2): implode() [<a href='http://php.net/function.implode'>function.implode</a>]: Bad arguments. in [APP/views/categories/admin_remove.ctp, line 2]
2008-08-21 16:04:07 Warning: Warning (512): <span style = "color:Red;text-align:left"><b>SQL Error:</b> 1054: Unknown column 'Category.order' in 'order clause'</span> in [CORE/cake/libs/model/datasources/dbo_source.php, line 512]
2008-08-21 16:04:07 Warning: Warning (512): <span style = "color:Red;text-align:left"><b>SQL Error:</b> 1054: Unknown column 'Product.order' in 'order clause'</span> in [CORE/cake/libs/model/datasources/dbo_source.php, line 512]
2008-08-21 16:04:07 Warning: Warning (2): Cannot modify header information - headers already sent by (output started at /Users/sameyeam/Sites/cakecart/cake/basics.php:262) in [CORE/cake/libs/controller/controller.php, line 577]
2008-08-21 16:06:47 Warning: Warning (512): <span style = "color:Red;text-align:left"><b>SQL Error:</b> 1054: Unknown column 'Category.order' in 'order clause'</span> in [CORE/cake/libs/model/datasources/dbo_source.php, line 512]
2008-08-21 16:06:47 Warning: Warning (512): <span style = "color:Red;text-align:left"><b>SQL Error:</b> 1054: Unknown column 'Product.order' in 'order clause'</span> in [CORE/cake/libs/model/datasources/dbo_source.php, line 512]
2008-08-21 16:06:47 Warning: Warning (2): Cannot modify header information - headers already sent by (output started at /Users/sameyeam/Sites/cakecart/cake/basics.php:262) in [CORE/cake/libs/controller/controller.php, line 577]
2008-08-21 16:07:43 Warning: Warning (512): <span style = "color:Red;text-align:left"><b>SQL Error:</b> 1054: Unknown column 'Category.order' in 'order clause'</span> in [CORE/cake/libs/model/datasources/dbo_source.php, line 512]
2008-08-21 16:07:43 Warning: Warning (512): <span style = "color:Red;text-align:left"><b>SQL Error:</b> 1054: Unknown column 'Product.order' in 'order clause'</span> in [CORE/cake/libs/model/datasources/dbo_source.php, line 512]
2008-08-21 16:07:43 Warning: Warning (2): Cannot modify header information - headers already sent by (output started at /Users/sameyeam/Sites/cakecart/cake/basics.php:262) in [CORE/cake/libs/controller/controller.php, line 577]
2008-08-21 16:08:45 Warning: Warning (512): <span style = "color:Red;text-align:left"><b>SQL Error:</b> 1054: Unknown column 'Category.order' in 'order clause'</span> in [CORE/cake/libs/model/datasources/dbo_source.php, line 512]
2008-08-21 16:08:45 Warning: Warning (512): <span style = "color:Red;text-align:left"><b>SQL Error:</b> 1054: Unknown column 'Product.order' in 'order clause'</span> in [CORE/cake/libs/model/datasources/dbo_source.php, line 512]
2008-08-21 16:08:45 Warning: Warning (2): Cannot modify header information - headers already sent by (output started at /Users/sameyeam/Sites/cakecart/cake/basics.php:262) in [CORE/cake/libs/controller/controller.php, line 577]
2008-08-21 16:20:22 Warning: Warning (512): <span style = "color:Red;text-align:left"><b>SQL Error:</b> 1054: Unknown column 'Category.order' in 'order clause'</span> in [CORE/cake/libs/model/datasources/dbo_source.php, line 512]
2008-08-21 16:20:22 Warning: Warning (512): <span style = "color:Red;text-align:left"><b>SQL Error:</b> 1054: Unknown column 'Product.order' in 'order clause'</span> in [CORE/cake/libs/model/datasources/dbo_source.php, line 512]
2008-08-21 16:20:22 Warning: Warning (2): Cannot modify header information - headers already sent by (output started at /Users/sameyeam/Sites/cakecart/cake/basics.php:262) in [CORE/cake/libs/controller/controller.php, line 577]
2008-08-21 16:21:26 Warning: Warning (512): <span style = "color:Red;text-align:left"><b>SQL Error:</b> 1054: Unknown column 'Category.order' in 'order clause'</span> in [CORE/cake/libs/model/datasources/dbo_source.php, line 512]
2008-08-21 16:21:26 Warning: Warning (512): <span style = "color:Red;text-align:left"><b>SQL Error:</b> 1054: Unknown column 'Product.order' in 'order clause'</span> in [CORE/cake/libs/model/datasources/dbo_source.php, line 512]
2008-08-21 16:21:26 Warning: Warning (2): Cannot modify header information - headers already sent by (output started at /Users/sameyeam/Sites/cakecart/cake/basics.php:262) in [CORE/cake/libs/controller/controller.php, line 577]
2008-08-21 16:22:56 Warning: Warning (512): <span style = "color:Red;text-align:left"><b>SQL Error:</b> 1054: Unknown column 'Category.order' in 'order clause'</span> in [CORE/cake/libs/model/datasources/dbo_source.php, line 512]
2008-08-21 16:22:56 Warning: Warning (512): <span style = "color:Red;text-align:left"><b>SQL Error:</b> 1054: Unknown column 'Product.order' in 'order clause'</span> in [CORE/cake/libs/model/datasources/dbo_source.php, line 512]
2008-08-21 16:22:56 Warning: Warning (2): Cannot modify header information - headers already sent by (output started at /Users/sameyeam/Sites/cakecart/cake/basics.php:262) in [CORE/cake/libs/controller/controller.php, line 577]
2008-08-21 16:24:09 Warning: Warning (512): <span style = "color:Red;text-align:left"><b>SQL Error:</b> 1064: You have an error in your SQL syntax; check the manual that corresponds to your MySQL server version for the right syntax to use near 'order ASC' at line 1</span> in [CORE/cake/libs/model/datasources/dbo_source.php, line 512]
2008-08-21 16:24:09 Warning: Warning (2): Invalid argument supplied for foreach() in [CORE/cake/libs/model/datasources/dbo_source.php, line 884]
2008-08-21 16:24:09 Warning: Warning (512): <span style = "color:Red;text-align:left"><b>SQL Error:</b> 1064: You have an error in your SQL syntax; check the manual that corresponds to your MySQL server version for the right syntax to use near 'order ASC' at line 1</span> in [CORE/cake/libs/model/datasources/dbo_source.php, line 512]
2008-08-21 16:24:09 Warning: Warning (2): Invalid argument supplied for foreach() in [CORE/cake/libs/model/datasources/dbo_source.php, line 884]
2008-08-21 16:24:28 Warning: Warning (512): <span style = "color:Red;text-align:left"><b>SQL Error:</b> 1064: You have an error in your SQL syntax; check the manual that corresponds to your MySQL server version for the right syntax to use near 'order ASC' at line 1</span> in [CORE/cake/libs/model/datasources/dbo_source.php, line 512]
2008-08-21 16:24:28 Warning: Warning (2): Invalid argument supplied for foreach() in [CORE/cake/libs/model/datasources/dbo_source.php, line 884]
2008-08-21 16:24:28 Warning: Warning (512): <span style = "color:Red;text-align:left"><b>SQL Error:</b> 1064: You have an error in your SQL syntax; check the manual that corresponds to your MySQL server version for the right syntax to use near 'order ASC' at line 1</span> in [CORE/cake/libs/model/datasources/dbo_source.php, line 512]
2008-08-21 16:24:28 Warning: Warning (2): Invalid argument supplied for foreach() in [CORE/cake/libs/model/datasources/dbo_source.php, line 884]
2008-08-21 16:24:31 Warning: Warning (512): <span style = "color:Red;text-align:left"><b>SQL Error:</b> 1064: You have an error in your SQL syntax; check the manual that corresponds to your MySQL server version for the right syntax to use near 'order ASC' at line 1</span> in [CORE/cake/libs/model/datasources/dbo_source.php, line 512]
2008-08-21 16:24:31 Warning: Warning (2): Invalid argument supplied for foreach() in [CORE/cake/libs/model/datasources/dbo_source.php, line 884]
2008-08-21 16:24:31 Warning: Warning (512): <span style = "color:Red;text-align:left"><b>SQL Error:</b> 1064: You have an error in your SQL syntax; check the manual that corresponds to your MySQL server version for the right syntax to use near 'order ASC' at line 1</span> in [CORE/cake/libs/model/datasources/dbo_source.php, line 512]
2008-08-21 16:24:31 Warning: Warning (2): Invalid argument supplied for foreach() in [CORE/cake/libs/model/datasources/dbo_source.php, line 884]
2008-08-21 16:25:48 Warning: Warning (512): <span style = "color:Red;text-align:left"><b>SQL Error:</b> 1054: Unknown column 'Category.order' in 'order clause'</span> in [CORE/cake/libs/model/datasources/dbo_source.php, line 512]
2008-08-21 16:25:48 Warning: Warning (512): <span style = "color:Red;text-align:left"><b>SQL Error:</b> 1054: Unknown column 'Product.order' in 'order clause'</span> in [CORE/cake/libs/model/datasources/dbo_source.php, line 512]
2008-08-21 16:25:48 Warning: Warning (2): Cannot modify header information - headers already sent by (output started at /Users/sameyeam/Sites/cakecart/cake/basics.php:262) in [CORE/cake/libs/controller/controller.php, line 577]
2008-08-21 16:38:23 Warning: Warning (2): Invalid argument supplied for foreach() in [CORE/cake/libs/model/model.php, line 475]
2008-08-21 16:38:23 Warning: Warning (2): Invalid argument supplied for foreach() in [CORE/cake/libs/model/model.php, line 475]
2008-08-22 15:47:19 Warning: Warning (2): Invalid argument supplied for foreach() in [APP/views/categories/admin_index.ctp, line 11]
2008-08-22 15:47:19 Warning: Warning (2): implode() [<a href='http://php.net/function.implode'>function.implode</a>]: Bad arguments. in [APP/views/categories/admin_index.ctp, line 22]
2008-08-22 15:47:20 Warning: Warning (2): Invalid argument supplied for foreach() in [APP/views/categories/admin_index.ctp, line 11]
2008-08-22 15:47:20 Warning: Warning (2): implode() [<a href='http://php.net/function.implode'>function.implode</a>]: Bad arguments. in [APP/views/categories/admin_index.ctp, line 22]
2008-08-22 15:47:42 Warning: Warning (2): Invalid argument supplied for foreach() in [APP/views/categories/admin_index.ctp, line 11]
2008-08-22 15:47:42 Warning: Warning (2): implode() [<a href='http://php.net/function.implode'>function.implode</a>]: Bad arguments. in [APP/views/categories/admin_index.ctp, line 22]
2008-08-22 15:47:42 Warning: Warning (2): Invalid argument supplied for foreach() in [APP/views/categories/admin_index.ctp, line 11]
2008-08-22 15:47:42 Warning: Warning (2): implode() [<a href='http://php.net/function.implode'>function.implode</a>]: Bad arguments. in [APP/views/categories/admin_index.ctp, line 22]
2008-08-22 15:47:53 Warning: Warning (2): implode() [<a href='http://php.net/function.implode'>function.implode</a>]: Bad arguments. in [APP/views/categories/admin_index.ctp, line 15]
2008-08-22 15:47:53 Warning: Warning (2): implode() [<a href='http://php.net/function.implode'>function.implode</a>]: Bad arguments. in [APP/views/categories/admin_index.ctp, line 17]
2008-08-22 15:47:53 Warning: Warning (2): implode() [<a href='http://php.net/function.implode'>function.implode</a>]: Bad arguments. in [APP/views/categories/admin_index.ctp, line 22]
2008-08-22 15:48:35 Warning: Warning (2): implode() [<a href='http://php.net/function.implode'>function.implode</a>]: Bad arguments. in [APP/views/categories/admin_index.ctp, line 18]
2008-08-22 15:48:35 Warning: Warning (2): implode() [<a href='http://php.net/function.implode'>function.implode</a>]: Bad arguments. in [APP/views/categories/admin_index.ctp, line 20]
2008-08-22 15:48:35 Warning: Warning (2): implode() [<a href='http://php.net/function.implode'>function.implode</a>]: Bad arguments. in [APP/views/categories/admin_index.ctp, line 25]
2008-08-22 15:48:59 Warning: Warning (2): implode() [<a href='http://php.net/function.implode'>function.implode</a>]: Bad arguments. in [APP/views/categories/admin_index.ctp, line 18]
2008-08-22 15:48:59 Warning: Warning (2): implode() [<a href='http://php.net/function.implode'>function.implode</a>]: Bad arguments. in [APP/views/categories/admin_index.ctp, line 20]
2008-08-22 15:48:59 Warning: Warning (2): implode() [<a href='http://php.net/function.implode'>function.implode</a>]: Bad arguments. in [APP/views/categories/admin_index.ctp, line 25]
2008-08-22 15:50:21 Warning: Warning (2): implode() [<a href='http://php.net/function.implode'>function.implode</a>]: Bad arguments. in [APP/views/categories/admin_index.ctp, line 18]
2008-08-22 15:50:21 Warning: Warning (2): implode() [<a href='http://php.net/function.implode'>function.implode</a>]: Bad arguments. in [APP/views/categories/admin_index.ctp, line 20]
2008-08-22 15:50:21 Warning: Warning (2): implode() [<a href='http://php.net/function.implode'>function.implode</a>]: Bad arguments. in [APP/views/categories/admin_index.ctp, line 25]
2008-08-22 15:50:42 Warning: Warning (2): implode() [<a href='http://php.net/function.implode'>function.implode</a>]: Bad arguments. in [APP/views/categories/admin_index.ctp, line 15]
2008-08-22 15:50:42 Warning: Warning (2): implode() [<a href='http://php.net/function.implode'>function.implode</a>]: Bad arguments. in [APP/views/categories/admin_index.ctp, line 17]
2008-08-22 15:50:42 Warning: Warning (2): implode() [<a href='http://php.net/function.implode'>function.implode</a>]: Bad arguments. in [APP/views/categories/admin_index.ctp, line 22]
2008-08-22 19:04:16 Warning: Warning (512): <span style = "color:Red;text-align:left"><b>SQL Error:</b> 1054: Unknown column 'conditions' in 'where clause'</span> in [CORE/cake/libs/model/datasources/dbo_source.php, line 512]
2008-08-22 19:04:16 Warning: Warning (512): <span style = "color:Red;text-align:left"><b>SQL Error:</b> 1054: Unknown column 'conditions' in 'where clause'</span> in [CORE/cake/libs/model/datasources/dbo_source.php, line 512]
2008-08-22 19:04:21 Warning: Warning (512): <span style = "color:Red;text-align:left"><b>SQL Error:</b> 1054: Unknown column 'conditions' in 'where clause'</span> in [CORE/cake/libs/model/datasources/dbo_source.php, line 512]
2008-08-22 19:04:22 Warning: Warning (512): <span style = "color:Red;text-align:left"><b>SQL Error:</b> 1054: Unknown column 'conditions' in 'where clause'</span> in [CORE/cake/libs/model/datasources/dbo_source.php, line 512]
2008-08-22 19:04:49 Warning: Warning (512): <span style = "color:Red;text-align:left"><b>SQL Error:</b> 1054: Unknown column 'condition' in 'where clause'</span> in [CORE/cake/libs/model/datasources/dbo_source.php, line 512]
2008-08-22 19:04:49 Warning: Warning (512): <span style = "color:Red;text-align:left"><b>SQL Error:</b> 1054: Unknown column 'condition' in 'where clause'</span> in [CORE/cake/libs/model/datasources/dbo_source.php, line 512]
2008-08-22 19:05:32 Warning: Warning (512): <span style = "color:Red;text-align:left"><b>SQL Error:</b> 1052: Column 'id' in where clause is ambiguous</span> in [CORE/cake/libs/model/datasources/dbo_source.php, line 512]
2008-08-22 19:05:32 Warning: Warning (512): <span style = "color:Red;text-align:left"><b>SQL Error:</b> 1052: Column 'id' in where clause is ambiguous</span> in [CORE/cake/libs/model/datasources/dbo_source.php, line 512]
2008-08-22 19:16:08 Warning: Warning (2): array_reverse() [<a href='http://php.net/function.array-reverse'>function.array-reverse</a>]: The argument should be an array in [APP/controllers/products_controller.php, line 79]
2008-08-22 19:16:08 Warning: Warning (2): implode() [<a href='http://php.net/function.implode'>function.implode</a>]: Bad arguments. in [APP/controllers/products_controller.php, line 89]
2008-08-22 19:16:08 Warning: Warning (2): Cannot modify header information - headers already sent by (output started at /Users/sameyeam/Sites/cakecart/cake/basics.php:262) in [CORE/cake/libs/controller/controller.php, line 577]
2008-08-24 17:16:46 Warning: Warning (2): array_reverse() [<a href='http://php.net/function.array-reverse'>function.array-reverse</a>]: The argument should be an array in [APP/controllers/products_controller.php, line 43]
2008-08-24 17:17:23 Warning: Warning (2): array_reverse() [<a href='http://php.net/function.array-reverse'>function.array-reverse</a>]: The argument should be an array in [APP/controllers/products_controller.php, line 43]
2008-08-24 17:18:37 Warning: Warning (2): array_reverse() [<a href='http://php.net/function.array-reverse'>function.array-reverse</a>]: The argument should be an array in [APP/controllers/products_controller.php, line 43]
2008-08-24 17:21:57 Warning: Warning (2): array_reverse() [<a href='http://php.net/function.array-reverse'>function.array-reverse</a>]: The argument should be an array in [APP/controllers/products_controller.php, line 43]
2008-08-24 17:22:53 Warning: Warning (2): array_reverse() [<a href='http://php.net/function.array-reverse'>function.array-reverse</a>]: The argument should be an array in [APP/controllers/products_controller.php, line 43]
2008-08-24 17:24:08 Warning: Warning (2): array_reverse() [<a href='http://php.net/function.array-reverse'>function.array-reverse</a>]: The argument should be an array in [APP/controllers/products_controller.php, line 43]
2008-08-24 17:25:10 Warning: Warning (2): array_reverse() [<a href='http://php.net/function.array-reverse'>function.array-reverse</a>]: The argument should be an array in [APP/controllers/products_controller.php, line 43]
2008-08-24 17:25:31 Warning: Warning (2): array_reverse() [<a href='http://php.net/function.array-reverse'>function.array-reverse</a>]: The argument should be an array in [APP/controllers/products_controller.php, line 43]
2008-08-24 17:26:43 Warning: Warning (2): array_reverse() [<a href='http://php.net/function.array-reverse'>function.array-reverse</a>]: The argument should be an array in [APP/controllers/products_controller.php, line 43]
2008-08-24 17:27:09 Warning: Warning (2): array_reverse() [<a href='http://php.net/function.array-reverse'>function.array-reverse</a>]: The argument should be an array in [APP/controllers/products_controller.php, line 43]
2008-08-24 17:28:57 Warning: Warning (2): array_reverse() [<a href='http://php.net/function.array-reverse'>function.array-reverse</a>]: The argument should be an array in [APP/controllers/products_controller.php, line 43]
2008-08-24 21:52:53 Warning: Warning (2): array_reverse() [<a href='http://php.net/function.array-reverse'>function.array-reverse</a>]: The argument should be an array in [APP/controllers/products_controller.php, line 43]
2008-08-25 15:14:20 Warning: Warning (2): array_reverse() [<a href='http://php.net/function.array-reverse'>function.array-reverse</a>]: The argument should be an array in [APP/controllers/products_controller.php, line 43]
2008-08-25 15:23:59 Warning: Warning (2): array_reverse() [<a href='http://php.net/function.array-reverse'>function.array-reverse</a>]: The argument should be an array in [APP/controllers/products_controller.php, line 79]
2008-08-25 15:23:59 Warning: Warning (2): implode() [<a href='http://php.net/function.implode'>function.implode</a>]: Bad arguments. in [APP/controllers/products_controller.php, line 89]
2008-08-25 15:23:59 Warning: Warning (2): Cannot modify header information - headers already sent by (output started at /Users/sameyeam/Sites/cakecart/cake/basics.php:262) in [CORE/cake/libs/controller/controller.php, line 577]
2008-08-25 15:24:18 Warning: Warning (2): implode() [<a href='http://php.net/function.implode'>function.implode</a>]: Bad arguments. in [APP/controllers/categories_controller.php, line 146]
2008-08-25 15:24:32 Warning: Warning (2): implode() [<a href='http://php.net/function.implode'>function.implode</a>]: Bad arguments. in [APP/controllers/categories_controller.php, line 146]
2008-08-25 15:28:46 Warning: Warning (2): array_reverse() [<a href='http://php.net/function.array-reverse'>function.array-reverse</a>]: The argument should be an array in [APP/controllers/products_controller.php, line 43]
2008-08-25 15:29:38 Warning: Warning (2): array_reverse() [<a href='http://php.net/function.array-reverse'>function.array-reverse</a>]: The argument should be an array in [APP/controllers/products_controller.php, line 43]
2008-08-25 15:30:26 Warning: Warning (2): array_reverse() [<a href='http://php.net/function.array-reverse'>function.array-reverse</a>]: The argument should be an array in [APP/controllers/products_controller.php, line 43]
2008-08-25 15:30:52 Warning: Warning (2): array_reverse() [<a href='http://php.net/function.array-reverse'>function.array-reverse</a>]: The argument should be an array in [APP/controllers/products_controller.php, line 43]
2008-08-25 15:33:28 Warning: Warning (2): array_reverse() [<a href='http://php.net/function.array-reverse'>function.array-reverse</a>]: The argument should be an array in [APP/controllers/products_controller.php, line 43]
2008-08-25 15:33:38 Warning: Warning (2): array_reverse() [<a href='http://php.net/function.array-reverse'>function.array-reverse</a>]: The argument should be an array in [APP/controllers/products_controller.php, line 43]
2008-08-25 15:43:52 Warning: Warning (2): array_reverse() [<a href='http://php.net/function.array-reverse'>function.array-reverse</a>]: The argument should be an array in [APP/controllers/products_controller.php, line 43]
2008-08-25 15:44:02 Warning: Warning (2): array_reverse() [<a href='http://php.net/function.array-reverse'>function.array-reverse</a>]: The argument should be an array in [APP/controllers/products_controller.php, line 43]
2008-08-25 17:27:32 Warning: Warning (2): array_reverse() [<a href='http://php.net/function.array-reverse'>function.array-reverse</a>]: The argument should be an array in [APP/controllers/products_controller.php, line 43]
2008-08-25 17:29:05 Warning: Warning (2): array_reverse() [<a href='http://php.net/function.array-reverse'>function.array-reverse</a>]: The argument should be an array in [APP/controllers/products_controller.php, line 43]
2008-08-25 17:31:27 Warning: Warning (512): <span style = "color:Red;text-align:left"><b>SQL Error:</b> 1064: You have an error in your SQL syntax; check the manual that corresponds to your MySQL server version for the right syntax to use near 'unbindAll' at line 1</span> in [CORE/cake/libs/model/datasources/dbo_source.php, line 512]
2008-08-25 17:31:27 Warning: Warning (2): implode() [<a href='http://php.net/function.implode'>function.implode</a>]: Bad arguments. in [APP/views/products/admin_search.ctp, line 33]
2008-08-25 17:31:27 Warning: Warning (512): <span style = "color:Red;text-align:left"><b>SQL Error:</b> 1064: You have an error in your SQL syntax; check the manual that corresponds to your MySQL server version for the right syntax to use near 'unbindAll' at line 1</span> in [CORE/cake/libs/model/datasources/dbo_source.php, line 512]
2008-08-25 17:31:27 Warning: Warning (2): implode() [<a href='http://php.net/function.implode'>function.implode</a>]: Bad arguments. in [APP/views/products/admin_search.ctp, line 33]
2008-08-25 17:31:31 Warning: Warning (512): <span style = "color:Red;text-align:left"><b>SQL Error:</b> 1064: You have an error in your SQL syntax; check the manual that corresponds to your MySQL server version for the right syntax to use near 'unbindAll' at line 1</span> in [CORE/cake/libs/model/datasources/dbo_source.php, line 512]
2008-08-25 17:31:31 Warning: Warning (2): implode() [<a href='http://php.net/function.implode'>function.implode</a>]: Bad arguments. in [APP/views/products/admin_search.ctp, line 33]
2008-08-25 17:31:32 Warning: Warning (512): <span style = "color:Red;text-align:left"><b>SQL Error:</b> 1064: You have an error in your SQL syntax; check the manual that corresponds to your MySQL server version for the right syntax to use near 'unbindAll' at line 1</span> in [CORE/cake/libs/model/datasources/dbo_source.php, line 512]
2008-08-25 17:31:32 Warning: Warning (2): implode() [<a href='http://php.net/function.implode'>function.implode</a>]: Bad arguments. in [APP/views/products/admin_search.ctp, line 33]
2008-08-25 17:47:56 Warning: Warning (512): <span style = "color:Red;text-align:left"><b>SQL Error:</b> 1064: You have an error in your SQL syntax; check the manual that corresponds to your MySQL server version for the right syntax to use near 'unbindAll' at line 1</span> in [CORE/cake/libs/model/datasources/dbo_source.php, line 512]
2008-08-25 17:48:08 Warning: Warning (512): <span style = "color:Red;text-align:left"><b>SQL Error:</b> 1064: You have an error in your SQL syntax; check the manual that corresponds to your MySQL server version for the right syntax to use near 'unbindAll' at line 1</span> in [CORE/cake/libs/model/datasources/dbo_source.php, line 512]
2008-08-25 17:51:26 Warning: Warning (2): implode() [<a href='http://php.net/function.implode'>function.implode</a>]: Bad arguments. in [APP/views/products/admin_search.ctp, line 33]
2008-08-25 17:52:17 Warning: Warning (2): implode() [<a href='http://php.net/function.implode'>function.implode</a>]: Bad arguments. in [APP/views/products/admin_search.ctp, line 33]
2008-08-25 17:52:35 Warning: Warning (2): implode() [<a href='http://php.net/function.implode'>function.implode</a>]: Bad arguments. in [APP/views/products/admin_search.ctp, line 33]
2008-08-25 17:53:03 Warning: Warning (2): Missing argument 1 for ProductsController::admin_search(), called in /Users/sameyeam/Sites/cakecart/cake/libs/object.php on line 114 and defined in [APP/controllers/products_controller.php, line 94]
2008-08-25 17:53:04 Warning: Warning (2): Missing argument 1 for ProductsController::admin_search(), called in /Users/sameyeam/Sites/cakecart/cake/libs/object.php on line 114 and defined in [APP/controllers/products_controller.php, line 94]
2008-08-25 17:58:01 Warning: Warning (512): Method HtmlHelper::element does not exist in [CORE/cake/libs/view/helper.php, line 148]
2008-08-25 17:59:54 Warning: Warning (2): array_reverse() [<a href='http://php.net/function.array-reverse'>function.array-reverse</a>]: The argument should be an array in [APP/controllers/products_controller.php, line 43]
2008-08-25 18:07:09 Warning: Warning (2): array_reverse() [<a href='http://php.net/function.array-reverse'>function.array-reverse</a>]: The argument should be an array in [APP/controllers/products_controller.php, line 43]
2008-08-25 18:08:19 Warning: Warning (2): array_reverse() [<a href='http://php.net/function.array-reverse'>function.array-reverse</a>]: The argument should be an array in [APP/controllers/products_controller.php, line 43]
2008-08-25 18:29:54 Warning: Warning (2): array_reverse() [<a href='http://php.net/function.array-reverse'>function.array-reverse</a>]: The argument should be an array in [APP/controllers/products_controller.php, line 43]
2008-08-25 18:30:01 Warning: Warning (2): array_reverse() [<a href='http://php.net/function.array-reverse'>function.array-reverse</a>]: The argument should be an array in [APP/controllers/products_controller.php, line 43]
2008-08-25 18:30:13 Warning: Warning (2): array_reverse() [<a href='http://php.net/function.array-reverse'>function.array-reverse</a>]: The argument should be an array in [APP/controllers/products_controller.php, line 43]
2008-08-25 18:32:50 Warning: Warning (2): array_reverse() [<a href='http://php.net/function.array-reverse'>function.array-reverse</a>]: The argument should be an array in [APP/controllers/products_controller.php, line 43]
2008-08-25 18:33:13 Warning: Warning (2): array_reverse() [<a href='http://php.net/function.array-reverse'>function.array-reverse</a>]: The argument should be an array in [APP/controllers/products_controller.php, line 43]
2008-08-25 18:33:41 Warning: Warning (2): array_reverse() [<a href='http://php.net/function.array-reverse'>function.array-reverse</a>]: The argument should be an array in [APP/controllers/products_controller.php, line 43]
2008-08-25 18:53:04 Warning: Warning (2): Invalid argument supplied for foreach() in [APP/views/helpers/onorder.php, line 6]
2008-08-25 18:53:22 Warning: Warning (2): Invalid argument supplied for foreach() in [APP/views/helpers/onorder.php, line 6]
2008-08-25 19:17:10 Warning: Warning (2): array_reverse() [<a href='http://php.net/function.array-reverse'>function.array-reverse</a>]: The argument should be an array in [APP/controllers/products_controller.php, line 43]
2008-08-25 19:21:58 Warning: Warning (2): Invalid argument supplied for foreach() in [APP/views/layouts/admin.ctp, line 29]
2008-08-25 19:22:14 Warning: Warning (2): Invalid argument supplied for foreach() in [APP/views/layouts/admin.ctp, line 29]
2008-08-25 19:29:03 Warning: Warning (2): array_reverse() [<a href='http://php.net/function.array-reverse'>function.array-reverse</a>]: The argument should be an array in [APP/controllers/products_controller.php, line 43]
2008-08-25 19:45:12 Warning: Warning (2): Missing argument 1 for OrdersController::admin_index(), called in /Users/sameyeam/Sites/cakecart/cake/libs/object.php on line 114 and defined in [APP/controllers/orders_controller.php, line 5]
2008-08-25 22:44:54 Warning: Warning (2): array_reverse() [<a href='http://php.net/function.array-reverse'>function.array-reverse</a>]: The argument should be an array in [APP/controllers/products_controller.php, line 43]
2008-08-26 11:08:46 Warning: Warning (2): array_reverse() [<a href='http://php.net/function.array-reverse'>function.array-reverse</a>]: The argument should be an array in [APP/controllers/products_controller.php, line 43]
2008-08-26 11:33:17 Warning: Warning (2): array_reverse() [<a href='http://php.net/function.array-reverse'>function.array-reverse</a>]: The argument should be an array in [APP/controllers/products_controller.php, line 43]
2008-08-27 17:37:53 Warning: Warning (2): array_reverse() [<a href='http://php.net/function.array-reverse'>function.array-reverse</a>]: The argument should be an array in [APP/controllers/products_controller.php, line 43]
2008-08-27 17:38:00 Warning: Warning (2): array_reverse() [<a href='http://php.net/function.array-reverse'>function.array-reverse</a>]: The argument should be an array in [APP/controllers/products_controller.php, line 43]
2008-08-27 17:38:15 Warning: Warning (2): array_reverse() [<a href='http://php.net/function.array-reverse'>function.array-reverse</a>]: The argument should be an array in [APP/controllers/products_controller.php, line 43]
2008-08-27 17:39:56 Warning: Warning (2): array_reverse() [<a href='http://php.net/function.array-reverse'>function.array-reverse</a>]: The argument should be an array in [APP/controllers/products_controller.php, line 43]
2008-08-27 19:32:11 Warning: Warning (2): array_reverse() [<a href='http://php.net/function.array-reverse'>function.array-reverse</a>]: The argument should be an array in [APP/controllers/products_controller.php, line 43]
2008-08-28 12:28:07 Warning: Warning (2): array_reverse() [<a href='http://php.net/function.array-reverse'>function.array-reverse</a>]: The argument should be an array in [APP/controllers/products_controller.php, line 43]
2008-08-28 12:37:42 Warning: Warning (2): array_reverse() [<a href='http://php.net/function.array-reverse'>function.array-reverse</a>]: The argument should be an array in [APP/controllers/products_controller.php, line 58]
2008-08-28 12:48:27 Warning: Warning (512): <span style = "color:Red;text-align:left"><b>SQL Error:</b> 1064: You have an error in your SQL syntax; check the manual that corresponds to your MySQL server version for the right syntax to use near '' at line 1</span> in [CORE/cake/libs/model/datasources/dbo_source.php, line 512]
2008-08-28 13:00:26 Warning: Warning (2): array_reverse() [<a href='http://php.net/function.array-reverse'>function.array-reverse</a>]: The argument should be an array in [APP/controllers/products_controller.php, line 58]
2008-08-28 13:01:33 Warning: Warning (2): array_reverse() [<a href='http://php.net/function.array-reverse'>function.array-reverse</a>]: The argument should be an array in [APP/controllers/products_controller.php, line 58]
2008-08-28 13:02:28 Warning: Warning (2): array_reverse() [<a href='http://php.net/function.array-reverse'>function.array-reverse</a>]: The argument should be an array in [APP/controllers/products_controller.php, line 58]
2008-08-28 13:02:42 Warning: Warning (2): array_reverse() [<a href='http://php.net/function.array-reverse'>function.array-reverse</a>]: The argument should be an array in [APP/controllers/products_controller.php, line 58]
2008-08-28 13:02:42 Warning: Warning (2): array_reverse() [<a href='http://php.net/function.array-reverse'>function.array-reverse</a>]: The argument should be an array in [APP/controllers/products_controller.php, line 58]
2008-08-28 13:02:53 Warning: Warning (2): array_reverse() [<a href='http://php.net/function.array-reverse'>function.array-reverse</a>]: The argument should be an array in [APP/controllers/products_controller.php, line 58]
2008-08-28 13:02:54 Warning: Warning (2): array_reverse() [<a href='http://php.net/function.array-reverse'>function.array-reverse</a>]: The argument should be an array in [APP/controllers/products_controller.php, line 58]
2008-08-28 13:03:04 Warning: Warning (2): array_reverse() [<a href='http://php.net/function.array-reverse'>function.array-reverse</a>]: The argument should be an array in [APP/controllers/products_controller.php, line 58]
2008-08-28 13:03:15 Warning: Warning (2): array_reverse() [<a href='http://php.net/function.array-reverse'>function.array-reverse</a>]: The argument should be an array in [APP/controllers/products_controller.php, line 58]
2008-08-28 13:03:51 Warning: Warning (2): array_reverse() [<a href='http://php.net/function.array-reverse'>function.array-reverse</a>]: The argument should be an array in [APP/controllers/products_controller.php, line 58]
2008-08-28 13:04:04 Warning: Warning (2): array_reverse() [<a href='http://php.net/function.array-reverse'>function.array-reverse</a>]: The argument should be an array in [APP/controllers/products_controller.php, line 58]
2008-08-28 13:04:16 Warning: Warning (2): array_reverse() [<a href='http://php.net/function.array-reverse'>function.array-reverse</a>]: The argument should be an array in [APP/controllers/products_controller.php, line 58]
2008-08-28 13:06:51 Warning: Warning (2): Cannot modify header information - headers already sent by (output started at /Users/sameyeam/Sites/cakecart/cake/basics.php:262) in [CORE/cake/libs/controller/controller.php, line 577]
2008-08-28 13:07:52 Warning: Warning (2): array_reverse() [<a href='http://php.net/function.array-reverse'>function.array-reverse</a>]: The argument should be an array in [APP/controllers/products_controller.php, line 67]
2008-08-28 13:08:07 Warning: Warning (2): array_reverse() [<a href='http://php.net/function.array-reverse'>function.array-reverse</a>]: The argument should be an array in [APP/controllers/products_controller.php, line 67]
2008-08-28 13:08:34 Warning: Warning (2): array_reverse() [<a href='http://php.net/function.array-reverse'>function.array-reverse</a>]: The argument should be an array in [APP/controllers/products_controller.php, line 67]
2008-08-28 13:08:40 Warning: Warning (2): array_reverse() [<a href='http://php.net/function.array-reverse'>function.array-reverse</a>]: The argument should be an array in [APP/controllers/products_controller.php, line 67]
2008-08-28 13:08:51 Warning: Warning (2): Invalid argument supplied for foreach() in [APP/controllers/products_controller.php, line 57]
2008-08-28 13:08:55 Warning: Warning (2): array_reverse() [<a href='http://php.net/function.array-reverse'>function.array-reverse</a>]: The argument should be an array in [APP/controllers/products_controller.php, line 67]
2008-08-28 13:09:25 Warning: Warning (2): Invalid argument supplied for foreach() in [APP/controllers/products_controller.php, line 55]
2008-08-28 13:09:25 Warning: Warning (512): <span style = "color:Red;text-align:left"><b>SQL Error:</b> 1048: Column 'product_id' cannot be null</span> in [CORE/cake/libs/model/datasources/dbo_source.php, line 512]
2008-08-28 13:10:27 Warning: Warning (2): Invalid argument supplied for foreach() in [APP/controllers/products_controller.php, line 55]
2008-08-28 13:10:30 Warning: Warning (2): array_reverse() [<a href='http://php.net/function.array-reverse'>function.array-reverse</a>]: The argument should be an array in [APP/controllers/products_controller.php, line 65]
2008-08-28 13:10:43 Warning: Warning (2): array_reverse() [<a href='http://php.net/function.array-reverse'>function.array-reverse</a>]: The argument should be an array in [APP/controllers/products_controller.php, line 65]
2008-08-28 13:10:48 Warning: Warning (2): Cannot modify header information - headers already sent by (output started at /Users/sameyeam/Sites/cakecart/cake/basics.php:262) in [CORE/cake/libs/controller/controller.php, line 577]
2008-08-28 13:11:17 Warning: Warning (2): array_reverse() [<a href='http://php.net/function.array-reverse'>function.array-reverse</a>]: The argument should be an array in [APP/controllers/products_controller.php, line 65]
2008-08-28 13:11:24 Warning: Warning (2): array_reverse() [<a href='http://php.net/function.array-reverse'>function.array-reverse</a>]: The argument should be an array in [APP/controllers/products_controller.php, line 65]
2008-08-28 13:11:32 Warning: Warning (2): Invalid argument supplied for foreach() in [APP/controllers/products_controller.php, line 55]
2008-08-28 13:11:37 Warning: Warning (2): array_reverse() [<a href='http://php.net/function.array-reverse'>function.array-reverse</a>]: The argument should be an array in [APP/controllers/products_controller.php, line 65]
2008-08-28 13:23:07 Warning: Warning (2): array_reverse() [<a href='http://php.net/function.array-reverse'>function.array-reverse</a>]: The argument should be an array in [APP/controllers/products_controller.php, line 65]
2008-08-28 14:19:18 Warning: Warning (512): Checkout::isAuthorized() is not defined. in [CORE/cake/libs/controller/controller.php, line 637]
2008-08-28 14:19:18 Warning: Warning (512): Checkout::isAuthorized() is not defined. in [CORE/cake/libs/controller/controller.php, line 637]
2008-08-28 14:19:19 Warning: Warning (512): Checkout::isAuthorized() is not defined. in [CORE/cake/libs/controller/controller.php, line 637]
2008-08-28 14:19:19 Warning: Warning (512): Checkout::isAuthorized() is not defined. in [CORE/cake/libs/controller/controller.php, line 637]
2008-08-28 14:19:19 Warning: Warning (512): Checkout::isAuthorized() is not defined. in [CORE/cake/libs/controller/controller.php, line 637]
2008-08-28 14:19:19 Warning: Warning (512): Checkout::isAuthorized() is not defined. in [CORE/cake/libs/controller/controller.php, line 637]
2008-08-28 14:19:19 Warning: Warning (512): Checkout::isAuthorized() is not defined. in [CORE/cake/libs/controller/controller.php, line 637]
2008-08-28 14:19:20 Warning: Warning (512): Checkout::isAuthorized() is not defined. in [CORE/cake/libs/controller/controller.php, line 637]
2008-08-28 14:19:20 Warning: Warning (512): Checkout::isAuthorized() is not defined. in [CORE/cake/libs/controller/controller.php, line 637]
2008-08-28 14:19:21 Warning: Warning (512): Checkout::isAuthorized() is not defined. in [CORE/cake/libs/controller/controller.php, line 637]
2008-08-28 14:19:21 Warning: Warning (512): Checkout::isAuthorized() is not defined. in [CORE/cake/libs/controller/controller.php, line 637]
2008-08-28 14:19:21 Warning: Warning (512): Checkout::isAuthorized() is not defined. in [CORE/cake/libs/controller/controller.php, line 637]
2008-08-28 14:19:21 Warning: Warning (512): Checkout::isAuthorized() is not defined. in [CORE/cake/libs/controller/controller.php, line 637]
2008-08-28 14:19:22 Warning: Warning (512): Checkout::isAuthorized() is not defined. in [CORE/cake/libs/controller/controller.php, line 637]
2008-08-28 14:19:22 Warning: Warning (512): Checkout::isAuthorized() is not defined. in [CORE/cake/libs/controller/controller.php, line 637]
2008-08-28 14:19:22 Warning: Warning (512): Checkout::isAuthorized() is not defined. in [CORE/cake/libs/controller/controller.php, line 637]
2008-08-28 14:19:22 Warning: Warning (512): Checkout::isAuthorized() is not defined. in [CORE/cake/libs/controller/controller.php, line 637]
2008-08-28 14:19:22 Warning: Warning (512): Checkout::isAuthorized() is not defined. in [CORE/cake/libs/controller/controller.php, line 637]
2008-08-28 14:19:23 Warning: Warning (512): Checkout::isAuthorized() is not defined. in [CORE/cake/libs/controller/controller.php, line 637]
2008-08-28 14:19:23 Warning: Warning (512): Checkout::isAuthorized() is not defined. in [CORE/cake/libs/controller/controller.php, line 637]
2008-08-28 14:19:23 Warning: Warning (512): Checkout::isAuthorized() is not defined. in [CORE/cake/libs/controller/controller.php, line 637]
2008-08-28 14:19:25 Warning: Warning (512): Checkout::isAuthorized() is not defined. in [CORE/cake/libs/controller/controller.php, line 637]
2008-08-28 14:19:25 Warning: Warning (512): Checkout::isAuthorized() is not defined. in [CORE/cake/libs/controller/controller.php, line 637]
2008-08-28 14:19:26 Warning: Warning (512): Checkout::isAuthorized() is not defined. in [CORE/cake/libs/controller/controller.php, line 637]
2008-08-28 14:19:26 Warning: Warning (512): Checkout::isAuthorized() is not defined. in [CORE/cake/libs/controller/controller.php, line 637]
2008-08-28 14:19:26 Warning: Warning (512): Checkout::isAuthorized() is not defined. in [CORE/cake/libs/controller/controller.php, line 637]
2008-08-28 14:19:26 Warning: Warning (512): Checkout::isAuthorized() is not defined. in [CORE/cake/libs/controller/controller.php, line 637]
2008-08-28 14:19:27 Warning: Warning (512): Checkout::isAuthorized() is not defined. in [CORE/cake/libs/controller/controller.php, line 637]
2008-08-28 14:19:27 Warning: Warning (512): Checkout::isAuthorized() is not defined. in [CORE/cake/libs/controller/controller.php, line 637]
2008-08-28 14:19:27 Warning: Warning (512): Checkout::isAuthorized() is not defined. in [CORE/cake/libs/controller/controller.php, line 637]
2008-08-28 14:19:27 Warning: Warning (512): Checkout::isAuthorized() is not defined. in [CORE/cake/libs/controller/controller.php, line 637]
2008-08-28 14:19:27 Warning: Warning (512): Checkout::isAuthorized() is not defined. in [CORE/cake/libs/controller/controller.php, line 637]
2008-08-28 14:19:28 Warning: Warning (512): Checkout::isAuthorized() is not defined. in [CORE/cake/libs/controller/controller.php, line 637]
2008-08-28 14:19:28 Warning: Warning (512): Checkout::isAuthorized() is not defined. in [CORE/cake/libs/controller/controller.php, line 637]
2008-08-28 14:19:28 Warning: Warning (512): Checkout::isAuthorized() is not defined. in [CORE/cake/libs/controller/controller.php, line 637]
2008-08-28 14:19:28 Warning: Warning (512): Checkout::isAuthorized() is not defined. in [CORE/cake/libs/controller/controller.php, line 637]
2008-08-28 14:19:29 Warning: Warning (512): Checkout::isAuthorized() is not defined. in [CORE/cake/libs/controller/controller.php, line 637]
2008-08-28 14:19:29 Warning: Warning (512): Checkout::isAuthorized() is not defined. in [CORE/cake/libs/controller/controller.php, line 637]
2008-08-28 14:19:29 Warning: Warning (512): Checkout::isAuthorized() is not defined. in [CORE/cake/libs/controller/controller.php, line 637]
2008-08-28 14:19:29 Warning: Warning (512): Checkout::isAuthorized() is not defined. in [CORE/cake/libs/controller/controller.php, line 637]
2008-08-28 14:19:30 Warning: Warning (512): Checkout::isAuthorized() is not defined. in [CORE/cake/libs/controller/controller.php, line 637]
2008-08-28 14:19:30 Warning: Warning (512): Checkout::isAuthorized() is not defined. in [CORE/cake/libs/controller/controller.php, line 637]
2008-08-28 15:56:00 Warning: Warning (512): Method HtmlHelper::submit does not exist in [CORE/cake/libs/view/helper.php, line 148]
2008-08-28 16:13:37 Warning: Warning (512): Users::isAuthorized() is not defined. in [CORE/cake/libs/controller/controller.php, line 637]
2008-08-28 16:13:39 Warning: Warning (512): Users::isAuthorized() is not defined. in [CORE/cake/libs/controller/controller.php, line 637]
2008-08-28 16:13:42 Warning: Warning (512): Checkout::isAuthorized() is not defined. in [CORE/cake/libs/controller/controller.php, line 637]
2008-08-28 16:13:46 Warning: Warning (512): Users::isAuthorized() is not defined. in [CORE/cake/libs/controller/controller.php, line 637]
2008-08-28 16:14:06 Warning: Warning (512): Users::isAuthorized() is not defined. in [CORE/cake/libs/controller/controller.php, line 637]
2008-08-28 16:14:17 Warning: Warning (512): Users::isAuthorized() is not defined. in [CORE/cake/libs/controller/controller.php, line 637]
2008-08-28 16:14:22 Warning: Warning (512): Categories::isAuthorized() is not defined. in [CORE/cake/libs/controller/controller.php, line 637]
2008-08-28 17:44:22 Warning: Warning (512): Method FormHelper::hidde does not exist in [CORE/cake/libs/view/helper.php, line 148]
2008-08-28 19:42:09 Warning: Warning (512): <span style = "color:Red;text-align:left"><b>SQL Error:</b> 1054: Unknown column 'Orders.product_id' in 'field list'</span> in [CORE/cake/libs/model/datasources/dbo_source.php, line 512]
2008-08-28 19:42:09 Warning: Warning (2): Invalid argument supplied for foreach() in [CORE/cake/libs/model/datasources/dbo_source.php, line 884]
2008-08-28 19:42:10 Warning: Warning (512): <span style = "color:Red;text-align:left"><b>SQL Error:</b> 1054: Unknown column 'Orders.product_id' in 'field list'</span> in [CORE/cake/libs/model/datasources/dbo_source.php, line 512]
2008-08-28 19:42:10 Warning: Warning (2): Invalid argument supplied for foreach() in [CORE/cake/libs/model/datasources/dbo_source.php, line 884]
2008-08-28 19:42:58 Warning: Warning (512): <span style = "color:Red;text-align:left"><b>SQL Error:</b> 1054: Unknown column 'Orders.product_id' in 'field list'</span> in [CORE/cake/libs/model/datasources/dbo_source.php, line 512]
2008-08-28 19:42:58 Warning: Warning (2): Invalid argument supplied for foreach() in [CORE/cake/libs/model/datasources/dbo_source.php, line 884]
2008-08-28 19:42:58 Warning: Warning (512): <span style = "color:Red;text-align:left"><b>SQL Error:</b> 1054: Unknown column 'Orders.product_id' in 'field list'</span> in [CORE/cake/libs/model/datasources/dbo_source.php, line 512]
2008-08-28 19:42:58 Warning: Warning (2): Invalid argument supplied for foreach() in [CORE/cake/libs/model/datasources/dbo_source.php, line 884]
2008-08-28 19:56:54 Warning: Warning (2): array_reverse() [<a href='http://php.net/function.array-reverse'>function.array-reverse</a>]: The argument should be an array in [APP/controllers/products_controller.php, line 71]
2008-08-28 20:03:08 Warning: Warning (2): Invalid argument supplied for foreach() in [APP/views/orders/admin_invoice.ctp, line 27]
2008-08-28 20:03:08 Warning: Warning (2): Invalid argument supplied for foreach() in [APP/views/helpers/onorder.php, line 6]
2008-08-28 21:53:04 Warning: Warning (2): array_reverse() [<a href='http://php.net/function.array-reverse'>function.array-reverse</a>]: The argument should be an array in [APP/controllers/products_controller.php, line 71]
2008-08-28 23:49:09 Warning: Warning (2): array_reverse() [<a href='http://php.net/function.array-reverse'>function.array-reverse</a>]: The argument should be an array in [APP/controllers/products_controller.php, line 71]
2008-08-28 23:49:43 Warning: Warning (2): array_reverse() [<a href='http://php.net/function.array-reverse'>function.array-reverse</a>]: The argument should be an array in [APP/controllers/products_controller.php, line 71]
2008-08-29 15:20:12 Warning: Warning (2): array_reverse() [<a href='http://php.net/function.array-reverse'>function.array-reverse</a>]: The argument should be an array in [APP/controllers/products_controller.php, line 71]
2008-08-29 15:25:41 Warning: Warning (512): <span style = "color:Red;text-align:left"><b>SQL Error:</b> 1054: Unknown column 'Array' in 'field list'</span> in [CORE/cake/libs/model/datasources/dbo_source.php, line 512]
2008-08-29 15:26:23 Warning: Warning (512): <span style = "color:Red;text-align:left"><b>SQL Error:</b> 1054: Unknown column 'Array' in 'field list'</span> in [CORE/cake/libs/model/datasources/dbo_source.php, line 512]
2008-08-29 15:29:09 Warning: Warning (512): <span style = "color:Red;text-align:left"><b>SQL Error:</b> 1054: Unknown column 'Array' in 'field list'</span> in [CORE/cake/libs/model/datasources/dbo_source.php, line 512]
2008-08-29 18:50:59 Warning: Warning (512): Method HtmlHelper::input does not exist in [CORE/cake/libs/view/helper.php, line 148]
2008-08-29 18:50:59 Warning: Warning (512): Method HtmlHelper::textarea does not exist in [CORE/cake/libs/view/helper.php, line 148]
2008-08-29 18:50:59 Warning: Warning (2): Invalid argument supplied for foreach() in [APP/views/coupons/admin_edit.ctp, line 76]
2008-08-29 18:50:59 Warning: Warning (512): Method HtmlHelper::radio does not exist in [CORE/cake/libs/view/helper.php, line 148]
2008-08-29 18:50:59 Warning: Warning (512): Method HtmlHelper::hidden does not exist in [CORE/cake/libs/view/helper.php, line 148]
2008-08-29 18:50:59 Warning: Warning (512): Method HtmlHelper::submit does not exist in [CORE/cake/libs/view/helper.php, line 148]
2008-08-29 18:51:21 Warning: Warning (512): Method HtmlHelper::input does not exist in [CORE/cake/libs/view/helper.php, line 148]
2008-08-29 18:51:21 Warning: Warning (512): Method HtmlHelper::textarea does not exist in [CORE/cake/libs/view/helper.php, line 148]
2008-08-29 18:51:21 Warning: Warning (2): Invalid argument supplied for foreach() in [APP/views/coupons/admin_edit.ctp, line 79]
2008-08-29 18:51:21 Warning: Warning (512): Method HtmlHelper::radio does not exist in [CORE/cake/libs/view/helper.php, line 148]
2008-08-29 18:51:21 Warning: Warning (512): Method HtmlHelper::hidden does not exist in [CORE/cake/libs/view/helper.php, line 148]
2008-08-29 18:51:21 Warning: Warning (512): Method HtmlHelper::submit does not exist in [CORE/cake/libs/view/helper.php, line 148]
2008-08-29 18:53:08 Warning: Warning (512): Method HtmlHelper::input does not exist in [CORE/cake/libs/view/helper.php, line 148]
2008-08-29 18:53:08 Warning: Warning (2): Invalid argument supplied for foreach() in [APP/views/coupons/admin_edit.ctp, line 71]
2008-08-29 18:53:08 Warning: Warning (512): Method HtmlHelper::radio does not exist in [CORE/cake/libs/view/helper.php, line 148]
2008-08-29 18:53:08 Warning: Warning (512): Method HtmlHelper::hidden does not exist in [CORE/cake/libs/view/helper.php, line 148]
2008-08-29 18:53:08 Warning: Warning (512): Method HtmlHelper::submit does not exist in [CORE/cake/libs/view/helper.php, line 148]
2008-08-29 18:54:16 Warning: Warning (2): Invalid argument supplied for foreach() in [APP/views/coupons/admin_edit.ctp, line 71]
2008-08-29 18:54:16 Warning: Warning (512): Method HtmlHelper::radio does not exist in [CORE/cake/libs/view/helper.php, line 148]
2008-08-29 18:54:16 Warning: Warning (512): Method HtmlHelper::input does not exist in [CORE/cake/libs/view/helper.php, line 148]
2008-08-29 18:55:38 Warning: Warning (2): Invalid argument supplied for foreach() in [APP/views/coupons/admin_edit.ctp, line 71]
2008-08-29 18:57:47 Warning: Warning (2): Invalid argument supplied for foreach() in [APP/views/coupons/admin_edit.ctp, line 74]
2008-08-29 18:58:41 Warning: Warning (2): Invalid argument supplied for foreach() in [APP/views/coupons/admin_edit.ctp, line 74]
2008-08-29 19:02:12 Warning: Warning (2): Invalid argument supplied for foreach() in [APP/views/coupons/admin_edit.ctp, line 74]
2008-08-29 19:10:05 Warning: Warning (2): Invalid argument supplied for foreach() in [APP/views/coupons/admin_add.ctp, line 74]
2008-08-30 18:04:39 Warning: Warning (2): unlink(/Users/sameyeam/Sites/cakecart/app/tmp/cache/persistent/cake_core_dir_map) [<a href='http://php.net/function.unlink'>function.unlink</a>]: No such file or directory in [CORE/cake/libs/file.php, line 278]
2008-08-30 18:04:39 Warning: Warning (2): unlink(/Users/sameyeam/Sites/cakecart/app/tmp/cache/persistent/cake_core_object_map) [<a href='http://php.net/function.unlink'>function.unlink</a>]: No such file or directory in [CORE/cake/libs/file.php, line 278]
2008-08-30 18:04:41 Warning: Warning (2): unlink(/Users/sameyeam/Sites/cakecart/app/tmp/cache/models/cake_model_default_images) [<a href='http://php.net/function.unlink'>function.unlink</a>]: No such file or directory in [CORE/cake/libs/file.php, line 278]
2008-08-30 18:04:41 Warning: Warning (2): unlink(/Users/sameyeam/Sites/cakecart/app/tmp/cache/models/cake_model_default_carts) [<a href='http://php.net/function.unlink'>function.unlink</a>]: No such file or directory in [CORE/cake/libs/file.php, line 278]
2008-08-30 18:13:25 Warning: Warning (2): array_reverse() [<a href='http://php.net/function.array-reverse'>function.array-reverse</a>]: The argument should be an array in [APP/controllers/products_controller.php, line 71]
2008-08-30 18:14:27 Warning: Warning (2): array_reverse() [<a href='http://php.net/function.array-reverse'>function.array-reverse</a>]: The argument should be an array in [APP/controllers/products_controller.php, line 71]
2008-08-30 18:15:14 Warning: Warning (2): session_destroy() [<a href='http://php.net/function.session-destroy'>function.session-destroy</a>]: Session object destruction failed in [CORE/cake/libs/session.php, line 604]
2008-08-30 18:15:16 Warning: Warning (2): array_reverse() [<a href='http://php.net/function.array-reverse'>function.array-reverse</a>]: The argument should be an array in [APP/controllers/products_controller.php, line 71]
2008-08-30 18:16:46 Warning: Warning (2): array_reverse() [<a href='http://php.net/function.array-reverse'>function.array-reverse</a>]: The argument should be an array in [APP/controllers/products_controller.php, line 71]
